<?xml version="1.0" encoding="UTF-8"?>
<testsuite xmlns:xsi="http://www.w3.org/2001/XMLSchema-instance" xsi:noNamespaceSchemaLocation="https://maven.apache.org/surefire/maven-surefire-plugin/xsd/surefire-test-report.xsd" version="3.0.2" name="com.hdbank.inventoryservice.InventoryServiceApplicationTests" time="14.425" tests="1" errors="0" skipped="0" failures="0">
  <properties>
[...]
</properties>
  <testcase name="contextLoads" classname="com.hdbank.inventoryservice.InventoryServiceApplicationTests" time="0.02">
    <system-out><![CDATA[10:04:04.888 [main] INFO org.springframework.test.context.support.AnnotationConfigContextLoaderUtils -- Could not detect default configuration classes for test class [com.hdbank.inventoryservice.InventoryServiceApplicationTests]: InventoryServiceApplicationTests does not declare any static, non-private, non-final, nested classes annotated with @Configuration.
10:04:05.154 [main] INFO org.springframework.boot.test.context.SpringBootTestContextBootstrapper -- Found @SpringBootConfiguration com.hdbank.inventoryservice.InventoryServiceApplication for test class com.hdbank.inventoryservice.InventoryServiceApplicationTests

  .   ____          _            __ _ _
 /\\ / ___'_ __ _ _(_)_ __  __ _ \ \ \ \
( ( )\___ | '_ | '_| | '_ \/ _` | \ \ \ \
 \\/  ___)| |_)| | | | | || (_| |  ) ) ) )
  '  |____| .__|_| |_|_| |_\__, | / / / /
 =========|_|==============|___/=/_/_/_/

 :: Spring Boot ::                (v4.0.3)

2026-03-15T10:04:07.587+07:00  INFO 29308 --- [inventory-service] [           main] [                                                 ] c.h.i.InventoryServiceApplicationTests   : Starting InventoryServiceApplicationTests using Java 17.0.12 with PID 29308 (started by VAN in D:\microservice\inventory-service)
2026-03-15T10:04:07.590+07:00  INFO 29308 --- [inventory-service] [           main] [                                                 ] c.h.i.InventoryServiceApplicationTests   : No active profile set, falling back to 1 default profile: "default"
2026-03-15T10:04:09.329+07:00  INFO 29308 --- [inventory-service] [           main] [                                                 ] .s.d.r.c.RepositoryConfigurationDelegate : Bootstrapping Spring Data JPA repositories in DEFAULT mode.
2026-03-15T10:04:09.738+07:00  INFO 29308 --- [inventory-service] [           main] [                                                 ] .s.d.r.c.RepositoryConfigurationDelegate : Finished Spring Data repository scanning in 374 ms. Found 1 JPA repository interface.
2026-03-15T10:04:10.445+07:00  INFO 29308 --- [inventory-service] [           main] [                                                 ] o.s.cloud.context.scope.GenericScope     : BeanFactory id=76da17c3-42b5-3587-9429-c8a6a296e2b7
2026-03-15T10:04:11.044+07:00  INFO 29308 --- [inventory-service] [           main] [                                                 ] org.hibernate.orm.jpa                    : HHH008540: Processing PersistenceUnitInfo [name: default]
2026-03-15T10:04:11.191+07:00  INFO 29308 --- [inventory-service] [           main] [                                                 ] org.hibernate.orm.core                   : HHH000001: Hibernate ORM core version 7.2.4.Final
2026-03-15T10:04:11.916+07:00  INFO 29308 --- [inventory-service] [           main] [                                                 ] o.s.o.j.p.SpringPersistenceUnitInfo      : No LoadTimeWeaver setup: ignoring JPA class transformer
2026-03-15T10:04:12.007+07:00  INFO 29308 --- [inventory-service] [           main] [                                                 ] com.zaxxer.hikari.HikariDataSource       : HikariPool-1 - Starting...
2026-03-15T10:04:12.611+07:00  INFO 29308 --- [inventory-service] [           main] [                                                 ] com.zaxxer.hikari.pool.HikariPool        : HikariPool-1 - Added connection conn0: url=jdbc:h2:mem:inventory user=SA
2026-03-15T10:04:12.615+07:00  INFO 29308 --- [inventory-service] [           main] [                                                 ] com.zaxxer.hikari.HikariDataSource       : HikariPool-1 - Start completed.
2026-03-15T10:04:12.725+07:00  WARN 29308 --- [inventory-service] [           main] [                                                 ] org.hibernate.orm.deprecation            : HHH90000025: H2Dialect does not need to be specified explicitly using 'hibernate.dialect' (remove the property setting and it will be selected by default)
2026-03-15T10:04:12.810+07:00  INFO 29308 --- [inventory-service] [           main] [                                                 ] org.hibernate.orm.connections.pooling    : HHH10001005: Database info:
	Database JDBC URL [jdbc:h2:mem:inventory]
	Database driver: H2 JDBC Driver
	Database dialect: H2Dialect
	Database version: 2.4.240
	Default catalog/schema: INVENTORY/PUBLIC
	Autocommit mode: undefined/unknown
	Isolation level: READ_COMMITTED [default READ_COMMITTED]
	JDBC fetch size: 100
	Pool: DataSourceConnectionProvider
	Minimum pool size: undefined/unknown
	Maximum pool size: undefined/unknown
2026-03-15T10:04:14.719+07:00  INFO 29308 --- [inventory-service] [           main] [                                                 ] org.hibernate.orm.core                   : HHH000489: No JTA platform available (set 'hibernate.transaction.jta.platform' to enable JTA platform integration)
2026-03-15T10:04:14.793+07:00  INFO 29308 --- [inventory-service] [           main] [                                                 ] j.LocalContainerEntityManagerFactoryBean : Initialized JPA EntityManagerFactory for persistence unit 'default'
2026-03-15T10:04:15.009+07:00  INFO 29308 --- [inventory-service] [           main] [                                                 ] o.s.d.j.r.query.QueryEnhancerFactories   : Hibernate is in classpath; If applicable, HQL parser will be used.
2026-03-15T10:04:18.315+07:00  INFO 29308 --- [inventory-service] [           main] [                                                 ] o.s.cloud.commons.util.InetUtils         : Cannot determine local hostname
2026-03-15T10:04:18.333+07:00  INFO 29308 --- [inventory-service] [           main] [                                                 ] DiscoveryClientOptionalArgsConfiguration : Eureka HTTP Client uses RestClient.
2026-03-15T10:04:18.390+07:00  WARN 29308 --- [inventory-service] [           main] [                                                 ] iguration$LoadBalancerCaffeineWarnLogger : Spring Cloud LoadBalancer is currently working with the default cache. While this cache implementation is useful for development and tests, it's recommended to use Caffeine cache in production.You can switch to using Caffeine cache, by adding it and org.springframework.cache.caffeine.CaffeineCacheManager to the classpath.
2026-03-15T10:04:18.400+07:00  INFO 29308 --- [inventory-service] [           main] [                                                 ] o.s.b.a.e.web.EndpointLinksResolver      : Exposing 1 endpoint beneath base path '/actuator'
2026-03-15T10:04:18.544+07:00  INFO 29308 --- [inventory-service] [           main] [                                                 ] c.h.i.InventoryServiceApplicationTests   : Started InventoryServiceApplicationTests in 12.754 seconds (process running for 18.705)
]]></system-out>
  </testcase>
</testsuite>