<?xml version="1.0" encoding="UTF-8"?>
<testsuite xmlns:xsi="http://www.w3.org/2001/XMLSchema-instance" xsi:noNamespaceSchemaLocation="https://maven.apache.org/surefire/maven-surefire-plugin/xsd/surefire-test-report.xsd" version="3.0.2" name="com.hdbank.notification_service.NotificationServiceTest" time="0.275" tests="1" errors="0" skipped="0" failures="0" flakes="0">
  <properties>
[...]
</properties>
  <testcase name="handleNotification_shouldStoreRecord" classname="com.hdbank.notification_service.NotificationServiceTest" time="0.273">
    <system-out><![CDATA[2026-03-22T18:33:21.374+07:00  INFO 28612 --- [notification-service] [ntainer#0-0-C-1] [                                                 ] o.a.k.c.c.internals.ConsumerCoordinator  : [Consumer clientId=consumer-notification-service-2, groupId=notification-service] Found no committed offset for partition notificationTopic-0
2026-03-22T18:33:21.378+07:00  INFO 28612 --- [notification-service] [           main] [                                                 ] c.h.n.service.NotificationService        : Notification received: orderNumber=ORD123, message=Order Placed Successfully
2026-03-22T18:33:21.378+07:00  INFO 28612 --- [notification-service] [           main] [                                                 ] c.h.n.service.NotificationService        : Simulate email: Order ORD123 -> Order Placed Successfully
2026-03-22T18:33:21.387+07:00  INFO 28612 --- [notification-service] [ntainer#0-0-C-1] [                                                 ] o.a.k.c.c.internals.SubscriptionState    : [Consumer clientId=consumer-notification-service-2, groupId=notification-service] Resetting offset for partition notificationTopic-0 to position FetchPosition{offset=0, offsetEpoch=Optional.empty, currentLeader=LeaderAndEpoch{leader=Optional[localhost:51172 (id: 0 rack: null)], epoch=0}}.
2026-03-22T18:33:21.387+07:00  INFO 28612 --- [notification-service] [ntainer#0-0-C-1] [                                                 ] o.s.k.l.KafkaMessageListenerContainer    : notification-service: partitions assigned: [notificationTopic-0]
2026-03-22T18:33:21.403+07:00  INFO 28612 --- [notification-service] [ntainer#0-0-C-1] [                                                 ] c.h.n.service.NotificationService        : Notification received: orderNumber=ORD123, message=Order Placed Successfully
2026-03-22T18:33:21.403+07:00  INFO 28612 --- [notification-service] [ntainer#0-0-C-1] [                                                 ] c.h.n.service.NotificationService        : Simulate email: Order ORD123 -> Order Placed Successfully
]]></system-out>
  </testcase>
</testsuite>