<?xml version="1.0" encoding="UTF-8"?>
<testsuite xmlns:xsi="http://www.w3.org/2001/XMLSchema-instance" xsi:noNamespaceSchemaLocation="https://maven.apache.org/surefire/maven-surefire-plugin/xsd/surefire-test-report.xsd" version="3.0.2" name="com.hdbank.notification_service.NotificationListenerKafkaTest" time="19.841" tests="1" errors="0" skipped="0" failures="0" flakes="0">
  <properties>
[...]
</properties>
  <testcase name="kafkaConsumer_shouldReceiveMessage" classname="com.hdbank.notification_service.NotificationListenerKafkaTest" time="0.882">
    <system-out><![CDATA[18:32:55.423 [main] INFO org.springframework.test.context.support.AnnotationConfigContextLoaderUtils -- Could not detect default configuration classes for test class [com.hdbank.notification_service.NotificationListenerKafkaTest]: NotificationListenerKafkaTest does not declare any static, non-private, non-final, nested classes annotated with @Configuration.
18:32:55.685 [main] INFO org.springframework.boot.test.context.SpringBootTestContextBootstrapper -- Found @SpringBootConfiguration com.hdbank.notification_service.NotificationServiceApplication for test class com.hdbank.notification_service.NotificationListenerKafkaTest

  .   ____          _            __ _ _
 /\\ / ___'_ __ _ _(_)_ __  __ _ \ \ \ \
( ( )\___ | '_ | '_| | '_ \/ _` | \ \ \ \
 \\/  ___)| |_)| | | | | || (_| |  ) ) ) )
  '  |____| .__|_| |_|_| |_\__, | / / / /
 =========|_|==============|___/=/_/_/_/

 :: Spring Boot ::               (v3.5.12)

2026-03-22T18:32:58.671+07:00  INFO 28612 --- [notification-service] [           main] [                                                 ] k.utils.Log4jControllerRegistration$     : Registered kafka:type=kafka.Log4jController MBean
2026-03-22T18:32:58.818+07:00  INFO 28612 --- [notification-service] [           main] [                                                 ] o.a.zookeeper.server.ZooKeeperServer     : 
2026-03-22T18:32:58.818+07:00  INFO 28612 --- [notification-service] [           main] [                                                 ] o.a.zookeeper.server.ZooKeeperServer     :   ______                  _                                          
2026-03-22T18:32:58.819+07:00  INFO 28612 --- [notification-service] [           main] [                                                 ] o.a.zookeeper.server.ZooKeeperServer     :  |___  /                 | |                                         
2026-03-22T18:32:58.819+07:00  INFO 28612 --- [notification-service] [           main] [                                                 ] o.a.zookeeper.server.ZooKeeperServer     :     / /    ___     ___   | | __   ___    ___   _ __     ___   _ __   
2026-03-22T18:32:58.819+07:00  INFO 28612 --- [notification-service] [           main] [                                                 ] o.a.zookeeper.server.ZooKeeperServer     :    / /    / _ \   / _ \  | |/ /  / _ \  / _ \ | '_ \   / _ \ | '__|
2026-03-22T18:32:58.819+07:00  INFO 28612 --- [notification-service] [           main] [                                                 ] o.a.zookeeper.server.ZooKeeperServer     :   / /__  | (_) | | (_) | |   <  |  __/ |  __/ | |_) | |  __/ | |    
2026-03-22T18:32:58.819+07:00  INFO 28612 --- [notification-service] [           main] [                                                 ] o.a.zookeeper.server.ZooKeeperServer     :  /_____|  \___/   \___/  |_|\_\  \___|  \___| | .__/   \___| |_|
2026-03-22T18:32:58.819+07:00  INFO 28612 --- [notification-service] [           main] [                                                 ] o.a.zookeeper.server.ZooKeeperServer     :                                               | |                     
2026-03-22T18:32:58.820+07:00  INFO 28612 --- [notification-service] [           main] [                                                 ] o.a.zookeeper.server.ZooKeeperServer     :                                               |_|                     
2026-03-22T18:32:58.820+07:00  INFO 28612 --- [notification-service] [           main] [                                                 ] o.a.zookeeper.server.ZooKeeperServer     : 
2026-03-22T18:32:58.845+07:00  INFO 28612 --- [notification-service] [           main] [                                                 ] o.a.zookeeper.server.ZooKeeperServer     : Server environment:zookeeper.version=3.8.6-6df26081269769c160c8c3a24929c60c91cd19c3, built on 2026-01-28 20:28 UTC
2026-03-22T18:32:58.846+07:00  INFO 28612 --- [notification-service] [           main] [                                                 ] o.a.zookeeper.server.ZooKeeperServer     : Server environment:host.name=LAPTOP-CEBBKPMJ.lan
2026-03-22T18:32:58.846+07:00  INFO 28612 --- [notification-service] [           main] [                                                 ] o.a.zookeeper.server.ZooKeeperServer     : Server environment:java.version=17.0.12
2026-03-22T18:32:58.846+07:00  INFO 28612 --- [notification-service] [           main] [                                                 ] o.a.zookeeper.server.ZooKeeperServer     : Server environment:java.vendor=Oracle Corporation
2026-03-22T18:32:58.846+07:00  INFO 28612 --- [notification-service] [           main] [                                                 ] o.a.zookeeper.server.ZooKeeperServer     : Server environment:java.home=C:\Program Files\Java\jdk-17
2026-03-22T18:32:58.847+07:00  INFO 28612 --- [notification-service] [           main] [                                                 ] o.a.zookeeper.server.ZooKeeperServer     : Server environment:java.class.path=D:\microservice\notification-service\target\test-classes;D:\microservice\notification-service\target\classes;C:\Users\VAN\.m2\repository\org\springframework\boot\spring-boot-starter-actuator\3.5.12\spring-boot-starter-actuator-3.5.12.jar;C:\Users\VAN\.m2\repository\org\springframework\boot\spring-boot-starter\3.5.12\spring-boot-starter-3.5.12.jar;C:\Users\VAN\.m2\repository\org\springframework\boot\spring-boot\3.5.12\spring-boot-3.5.12.jar;C:\Users\VAN\.m2\repository\org\springframework\boot\spring-boot-autoconfigure\3.5.12\spring-boot-autoconfigure-3.5.12.jar;C:\Users\VAN\.m2\repository\org\springframework\boot\spring-boot-starter-logging\3.5.12\spring-boot-starter-logging-3.5.12.jar;C:\Users\VAN\.m2\repository\org\apache\logging\log4j\log4j-to-slf4j\2.24.3\log4j-to-slf4j-2.24.3.jar;C:\Users\VAN\.m2\repository\org\apache\logging\log4j\log4j-api\2.24.3\log4j-api-2.24.3.jar;C:\Users\VAN\.m2\repository\org\slf4j\jul-to-slf4j\2.0.17\jul-to-slf4j-2.0.17.jar;C:\Users\VAN\.m2\repository\jakarta\annotation\jakarta.annotation-api\2.1.1\jakarta.annotation-api-2.1.1.jar;C:\Users\VAN\.m2\repository\org\yaml\snakeyaml\2.4\snakeyaml-2.4.jar;C:\Users\VAN\.m2\repository\org\springframework\boot\spring-boot-actuator-autoconfigure\3.5.12\spring-boot-actuator-autoconfigure-3.5.12.jar;C:\Users\VAN\.m2\repository\org\springframework\boot\spring-boot-actuator\3.5.12\spring-boot-actuator-3.5.12.jar;C:\Users\VAN\.m2\repository\com\fasterxml\jackson\core\jackson-databind\2.19.4\jackson-databind-2.19.4.jar;C:\Users\VAN\.m2\repository\com\fasterxml\jackson\datatype\jackson-datatype-jsr310\2.19.4\jackson-datatype-jsr310-2.19.4.jar;C:\Users\VAN\.m2\repository\io\micrometer\micrometer-observation\1.15.10\micrometer-observation-1.15.10.jar;C:\Users\VAN\.m2\repository\io\micrometer\micrometer-commons\1.15.10\micrometer-commons-1.15.10.jar;C:\Users\VAN\.m2\repository\io\micrometer\micrometer-jakarta9\1.15.10\micrometer-jakarta9-1.15.10.jar;C:\Users\VAN\.m2\repository\org\springframework\boot\spring-boot-starter-web\3.5.12\spring-boot-starter-web-3.5.12.jar;C:\Users\VAN\.m2\repository\org\springframework\boot\spring-boot-starter-json\3.5.12\spring-boot-starter-json-3.5.12.jar;C:\Users\VAN\.m2\repository\com\fasterxml\jackson\datatype\jackson-datatype-jdk8\2.19.4\jackson-datatype-jdk8-2.19.4.jar;C:\Users\VAN\.m2\repository\com\fasterxml\jackson\module\jackson-module-parameter-names\2.19.4\jackson-module-parameter-names-2.19.4.jar;C:\Users\VAN\.m2\repository\org\springframework\boot\spring-boot-starter-tomcat\3.5.12\spring-boot-starter-tomcat-3.5.12.jar;C:\Users\VAN\.m2\repository\org\apache\tomcat\embed\tomcat-embed-core\10.1.52\tomcat-embed-core-10.1.52.jar;C:\Users\VAN\.m2\repository\org\apache\tomcat\embed\tomcat-embed-el\10.1.52\tomcat-embed-el-10.1.52.jar;C:\Users\VAN\.m2\repository\org\apache\tomcat\embed\tomcat-embed-websocket\10.1.52\tomcat-embed-websocket-10.1.52.jar;C:\Users\VAN\.m2\repository\org\springframework\spring-web\6.2.17\spring-web-6.2.17.jar;C:\Users\VAN\.m2\repository\org\springframework\spring-beans\6.2.17\spring-beans-6.2.17.jar;C:\Users\VAN\.m2\repository\org\springframework\spring-webmvc\6.2.17\spring-webmvc-6.2.17.jar;C:\Users\VAN\.m2\repository\org\springframework\spring-aop\6.2.17\spring-aop-6.2.17.jar;C:\Users\VAN\.m2\repository\org\springframework\spring-expression\6.2.17\spring-expression-6.2.17.jar;C:\Users\VAN\.m2\repository\org\springframework\cloud\spring-cloud-starter-netflix-eureka-client\4.3.1\spring-cloud-starter-netflix-eureka-client-4.3.1.jar;C:\Users\VAN\.m2\repository\org\springframework\cloud\spring-cloud-starter\4.3.1\spring-cloud-starter-4.3.1.jar;C:\Users\VAN\.m2\repository\org\springframework\cloud\spring-cloud-context\4.3.1\spring-cloud-context-4.3.1.jar;C:\Users\VAN\.m2\repository\org\springframework\security\spring-security-crypto\6.5.9\spring-security-crypto-6.5.9.jar;C:\Users\VAN\.m2\repository\org\springframework\cloud\spring-cloud-commons\4.3.1\spring-cloud-commons-4.3.1.jar;C:\Users\VAN\.m2\repository\org\bouncycastle\bcprov-jdk18on\1.80\bcprov-jdk18on-1.80.jar;C:\Users\VAN\.m2\repository\org\springframework\cloud\spring-cloud-netflix-eureka-client\4.3.1\spring-cloud-netflix-eureka-client-4.3.1.jar;C:\Users\VAN\.m2\repository\org\apache\httpcomponents\client5\httpclient5\5.5.2\httpclient5-5.5.2.jar;C:\Users\VAN\.m2\repository\org\apache\httpcomponents\core5\httpcore5\5.3.6\httpcore5-5.3.6.jar;C:\Users\VAN\.m2\repository\org\apache\httpcomponents\core5\httpcore5-h2\5.3.6\httpcore5-h2-5.3.6.jar;C:\Users\VAN\.m2\repository\com\netflix\eureka\eureka-client\2.0.5\eureka-client-2.0.5.jar;C:\Users\VAN\.m2\repository\com\thoughtworks\xstream\xstream\1.4.21\xstream-1.4.21.jar;C:\Users\VAN\.m2\repository\io\github\x-stream\mxparser\1.2.2\mxparser-1.2.2.jar;C:\Users\VAN\.m2\repository\xmlpull\xmlpull\1.1.3.1\xmlpull-1.1.3.1.jar;C:\Users\VAN\.m2\repository\jakarta\ws\rs\jakarta.ws.rs-api\3.1.0\jakarta.ws.rs-api-3.1.0.jar;C:\Users\VAN\.m2\repository\jakarta\inject\jakarta.inject-api\2.0.1\jakarta.inject-api-2.0.1.jar;C:\Users\VAN\.m2\repository\com\netflix\spectator\spectator-api\1.7.3\spectator-api-1.7.3.jar;C:\Users\VAN\.m2\repository\org\apache\httpcomponents\httpclient\4.5.3\httpclient-4.5.3.jar;C:\Users\VAN\.m2\repository\org\apache\httpcomponents\httpcore\4.4.16\httpcore-4.4.16.jar;C:\Users\VAN\.m2\repository\commons-codec\commons-codec\1.18.0\commons-codec-1.18.0.jar;C:\Users\VAN\.m2\repository\commons-configuration\commons-configuration\1.10\commons-configuration-1.10.jar;C:\Users\VAN\.m2\repository\commons-lang\commons-lang\2.6\commons-lang-2.6.jar;C:\Users\VAN\.m2\repository\com\fasterxml\jackson\core\jackson-annotations\2.19.4\jackson-annotations-2.19.4.jar;C:\Users\VAN\.m2\repository\com\fasterxml\jackson\core\jackson-core\2.19.4\jackson-core-2.19.4.jar;C:\Users\VAN\.m2\repository\com\netflix\netflix-commons\netflix-eventbus\0.3.0\netflix-eventbus-0.3.0.jar;C:\Users\VAN\.m2\repository\com\netflix\netflix-commons\netflix-infix\0.3.0\netflix-infix-0.3.0.jar;C:\Users\VAN\.m2\repository\commons-jxpath\commons-jxpath\1.3\commons-jxpath-1.3.jar;C:\Users\VAN\.m2\repository\joda-time\joda-time\2.3\joda-time-2.3.jar;C:\Users\VAN\.m2\repository\org\antlr\antlr-runtime\3.4\antlr-runtime-3.4.jar;C:\Users\VAN\.m2\repository\org\antlr\stringtemplate\3.2.1\stringtemplate-3.2.1.jar;C:\Users\VAN\.m2\repository\antlr\antlr\2.7.7\antlr-2.7.7.jar;C:\Users\VAN\.m2\repository\com\google\code\gson\gson\2.13.2\gson-2.13.2.jar;C:\Users\VAN\.m2\repository\com\netflix\servo\servo-core\0.5.3\servo-core-0.5.3.jar;C:\Users\VAN\.m2\repository\org\apache\commons\commons-math\2.2\commons-math-2.2.jar;C:\Users\VAN\.m2\repository\javax\annotation\javax.annotation-api\1.2\javax.annotation-api-1.2.jar;C:\Users\VAN\.m2\repository\org\codehaus\jettison\jettison\1.5.4\jettison-1.5.4.jar;C:\Users\VAN\.m2\repository\org\springframework\cloud\spring-cloud-starter-loadbalancer\4.3.1\spring-cloud-starter-loadbalancer-4.3.1.jar;C:\Users\VAN\.m2\repository\org\springframework\cloud\spring-cloud-loadbalancer\4.3.1\spring-cloud-loadbalancer-4.3.1.jar;C:\Users\VAN\.m2\repository\io\projectreactor\reactor-core\3.7.17\reactor-core-3.7.17.jar;C:\Users\VAN\.m2\repository\org\reactivestreams\reactive-streams\1.0.4\reactive-streams-1.0.4.jar;C:\Users\VAN\.m2\repository\io\projectreactor\addons\reactor-extra\3.5.4\reactor-extra-3.5.4.jar;C:\Users\VAN\.m2\repository\org\springframework\boot\spring-boot-starter-cache\3.5.12\spring-boot-starter-cache-3.5.12.jar;C:\Users\VAN\.m2\repository\org\springframework\spring-context-support\6.2.17\spring-context-support-6.2.17.jar;C:\Users\VAN\.m2\repository\com\stoyanr\evictor\1.0.0\evictor-1.0.0.jar;C:\Users\VAN\.m2\repository\org\springframework\kafka\spring-kafka\3.3.14\spring-kafka-3.3.14.jar;C:\Users\VAN\.m2\repository\org\springframework\spring-context\6.2.17\spring-context-6.2.17.jar;C:\Users\VAN\.m2\repository\org\springframework\spring-messaging\6.2.17\spring-messaging-6.2.17.jar;C:\Users\VAN\.m2\repository\org\springframework\spring-tx\6.2.17\spring-tx-6.2.17.jar;C:\Users\VAN\.m2\repository\org\springframework\retry\spring-retry\2.0.12\spring-retry-2.0.12.jar;C:\Users\VAN\.m2\repository\org\apache\kafka\kafka-clients\3.9.2\kafka-clients-3.9.2.jar;C:\Users\VAN\.m2\repository\com\github\luben\zstd-jni\1.5.6-4\zstd-jni-1.5.6-4.jar;C:\Users\VAN\.m2\repository\at\yawk\lz4\lz4-java\1.10.1\lz4-java-1.10.1.jar;C:\Users\VAN\.m2\repository\org\xerial\snappy\snappy-java\1.1.10.5\snappy-java-1.1.10.5.jar;C:\Users\VAN\.m2\repository\io\micrometer\micrometer-tracing-bridge-brave\1.5.10\micrometer-tracing-bridge-brave-1.5.10.jar;C:\Users\VAN\.m2\repository\io\micrometer\micrometer-tracing\1.5.10\micrometer-tracing-1.5.10.jar;C:\Users\VAN\.m2\repository\io\micrometer\context-propagation\1.1.4\context-propagation-1.1.4.jar;C:\Users\VAN\.m2\repository\aopalliance\aopalliance\1.0\aopalliance-1.0.jar;C:\Users\VAN\.m2\repository\org\slf4j\slf4j-api\2.0.17\slf4j-api-2.0.17.jar;C:\Users\VAN\.m2\repository\io\zipkin\brave\brave\6.1.0\brave-6.1.0.jar;C:\Users\VAN\.m2\repository\io\zipkin\brave\brave-context-slf4j\6.1.0\brave-context-slf4j-6.1.0.jar;C:\Users\VAN\.m2\repository\io\zipkin\brave\brave-instrumentation-http\6.1.0\brave-instrumentation-http-6.1.0.jar;C:\Users\VAN\.m2\repository\io\zipkin\aws\brave-propagation-aws\1.3.0\brave-propagation-aws-1.3.0.jar;C:\Users\VAN\.m2\repository\io\zipkin\contrib\brave-propagation-w3c\brave-propagation-tracecontext\0.2.0\brave-propagation-tracecontext-0.2.0.jar;C:\Users\VAN\.m2\repository\io\zipkin\reporter2\zipkin-reporter-brave\3.5.1\zipkin-reporter-brave-3.5.1.jar;C:\Users\VAN\.m2\repository\io\zipkin\reporter2\zipkin-reporter\3.5.1\zipkin-reporter-3.5.1.jar;C:\Users\VAN\.m2\repository\io\micrometer\micrometer-registry-prometheus\1.15.10\micrometer-registry-prometheus-1.15.10.jar;C:\Users\VAN\.m2\repository\io\micrometer\micrometer-core\1.15.10\micrometer-core-1.15.10.jar;C:\Users\VAN\.m2\repository\org\hdrhistogram\HdrHistogram\2.2.2\HdrHistogram-2.2.2.jar;C:\Users\VAN\.m2\repository\org\latencyutils\LatencyUtils\2.0.3\LatencyUtils-2.0.3.jar;C:\Users\VAN\.m2\repository\io\prometheus\prometheus-metrics-core\1.3.10\prometheus-metrics-core-1.3.10.jar;C:\Users\VAN\.m2\repository\io\prometheus\prometheus-metrics-model\1.3.10\prometheus-metrics-model-1.3.10.jar;C:\Users\VAN\.m2\repository\io\prometheus\prometheus-metrics-config\1.3.10\prometheus-metrics-config-1.3.10.jar;C:\Users\VAN\.m2\repository\io\prometheus\prometheus-metrics-tracer-common\1.3.10\prometheus-metrics-tracer-common-1.3.10.jar;C:\Users\VAN\.m2\repository\io\prometheus\prometheus-metrics-exposition-formats\1.3.10\prometheus-metrics-exposition-formats-1.3.10.jar;C:\Users\VAN\.m2\repository\io\prometheus\prometheus-metrics-exposition-textformats\1.3.10\prometheus-metrics-exposition-textformats-1.3.10.jar;C:\Users\VAN\.m2\repository\org\projectlombok\lombok\1.18.44\lombok-1.18.44.jar;C:\Users\VAN\.m2\repository\org\springframework\boot\spring-boot-starter-test\3.5.12\spring-boot-starter-test-3.5.12.jar;C:\Users\VAN\.m2\repository\org\springframework\boot\spring-boot-test\3.5.12\spring-boot-test-3.5.12.jar;C:\Users\VAN\.m2\repository\org\springframework\boot\spring-boot-test-autoconfigure\3.5.12\spring-boot-test-autoconfigure-3.5.12.jar;C:\Users\VAN\.m2\repository\com\jayway\jsonpath\json-path\2.9.0\json-path-2.9.0.jar;C:\Users\VAN\.m2\repository\jakarta\xml\bind\jakarta.xml.bind-api\4.0.4\jakarta.xml.bind-api-4.0.4.jar;C:\Users\VAN\.m2\repository\jakarta\activation\jakarta.activation-api\2.1.4\jakarta.activation-api-2.1.4.jar;C:\Users\VAN\.m2\repository\net\minidev\json-smart\2.5.2\json-smart-2.5.2.jar;C:\Users\VAN\.m2\repository\net\minidev\accessors-smart\2.5.2\accessors-smart-2.5.2.jar;C:\Users\VAN\.m2\repository\org\ow2\asm\asm\9.7.1\asm-9.7.1.jar;C:\Users\VAN\.m2\repository\org\assertj\assertj-core\3.27.7\assertj-core-3.27.7.jar;C:\Users\VAN\.m2\repository\net\bytebuddy\byte-buddy\1.17.8\byte-buddy-1.17.8.jar;C:\Users\VAN\.m2\repository\org\awaitility\awaitility\4.2.2\awaitility-4.2.2.jar;C:\Users\VAN\.m2\repository\org\hamcrest\hamcrest\3.0\hamcrest-3.0.jar;C:\Users\VAN\.m2\repository\org\junit\jupiter\junit-jupiter\5.12.2\junit-jupiter-5.12.2.jar;C:\Users\VAN\.m2\repository\org\junit\jupiter\junit-jupiter-params\5.12.2\junit-jupiter-params-5.12.2.jar;C:\Users\VAN\.m2\repository\org\junit\jupiter\junit-jupiter-engine\5.12.2\junit-jupiter-engine-5.12.2.jar;C:\Users\VAN\.m2\repository\org\mockito\mockito-core\5.17.0\mockito-core-5.17.0.jar;C:\Users\VAN\.m2\repository\net\bytebuddy\byte-buddy-agent\1.17.8\byte-buddy-agent-1.17.8.jar;C:\Users\VAN\.m2\repository\org\objenesis\objenesis\3.3\objenesis-3.3.jar;C:\Users\VAN\.m2\repository\org\mockito\mockito-junit-jupiter\5.17.0\mockito-junit-jupiter-5.17.0.jar;C:\Users\VAN\.m2\repository\org\skyscreamer\jsonassert\1.5.3\jsonassert-1.5.3.jar;C:\Users\VAN\.m2\repository\com\vaadin\external\google\android-json\0.0.20131108.vaadin1\android-json-0.0.20131108.vaadin1.jar;C:\Users\VAN\.m2\repository\org\springframework\spring-core\6.2.17\spring-core-6.2.17.jar;C:\Users\VAN\.m2\repository\org\springframework\spring-jcl\6.2.17\spring-jcl-6.2.17.jar;C:\Users\VAN\.m2\repository\org\springframework\spring-test\6.2.17\spring-test-6.2.17.jar;C:\Users\VAN\.m2\repository\org\xmlunit\xmlunit-core\2.10.4\xmlunit-core-2.10.4.jar;C:\Users\VAN\.m2\repository\org\springframework\kafka\spring-kafka-test\3.3.14\spring-kafka-test-3.3.14.jar;C:\Users\VAN\.m2\repository\org\apache\zookeeper\zookeeper\3.8.6\zookeeper-3.8.6.jar;C:\Users\VAN\.m2\repository\org\apache\zookeeper\zookeeper-jute\3.8.6\zookeeper-jute-3.8.6.jar;C:\Users\VAN\.m2\repository\org\apache\yetus\audience-annotations\0.12.0\audience-annotations-0.12.0.jar;C:\Users\VAN\.m2\repository\io\netty\netty-handler\4.1.131.Final\netty-handler-4.1.131.Final.jar;C:\Users\VAN\.m2\repository\io\netty\netty-common\4.1.131.Final\netty-common-4.1.131.Final.jar;C:\Users\VAN\.m2\repository\io\netty\netty-resolver\4.1.131.Final\netty-resolver-4.1.131.Final.jar;C:\Users\VAN\.m2\repository\io\netty\netty-buffer\4.1.131.Final\netty-buffer-4.1.131.Final.jar;C:\Users\VAN\.m2\repository\io\netty\netty-transport\4.1.131.Final\netty-transport-4.1.131.Final.jar;C:\Users\VAN\.m2\repository\io\netty\netty-transport-native-unix-common\4.1.131.Final\netty-transport-native-unix-common-4.1.131.Final.jar;C:\Users\VAN\.m2\repository\io\netty\netty-codec\4.1.131.Final\netty-codec-4.1.131.Final.jar;C:\Users\VAN\.m2\repository\io\netty\netty-transport-native-epoll\4.1.131.Final\netty-transport-native-epoll-4.1.131.Final.jar;C:\Users\VAN\.m2\repository\io\netty\netty-transport-classes-epoll\4.1.131.Final\netty-transport-classes-epoll-4.1.131.Final.jar;C:\Users\VAN\.m2\repository\ch\qos\logback\logback-core\1.5.32\logback-core-1.5.32.jar;C:\Users\VAN\.m2\repository\ch\qos\logback\logback-classic\1.5.32\logback-classic-1.5.32.jar;C:\Users\VAN\.m2\repository\commons-io\commons-io\2.17.0\commons-io-2.17.0.jar;C:\Users\VAN\.m2\repository\org\apache\kafka\kafka-clients\3.9.2\kafka-clients-3.9.2-test.jar;C:\Users\VAN\.m2\repository\org\apache\kafka\kafka-server\3.9.2\kafka-server-3.9.2.jar;C:\Users\VAN\.m2\repository\org\apache\kafka\kafka-storage\3.9.2\kafka-storage-3.9.2.jar;C:\Users\VAN\.m2\repository\com\github\ben-manes\caffeine\caffeine\3.2.3\caffeine-3.2.3.jar;C:\Users\VAN\.m2\repository\org\jspecify\jspecify\1.0.0\jspecify-1.0.0.jar;C:\Users\VAN\.m2\repository\com\google\errorprone\error_prone_annotations\2.43.0\error_prone_annotations-2.43.0.jar;C:\Users\VAN\.m2\repository\org\apache\kafka\kafka-group-coordinator\3.9.2\kafka-group-coordinator-3.9.2.jar;C:\Users\VAN\.m2\repository\org\apache\kafka\kafka-transaction-coordinator\3.9.2\kafka-transaction-coordinator-3.9.2.jar;C:\Users\VAN\.m2\repository\org\apache\kafka\kafka-raft\3.9.2\kafka-raft-3.9.2.jar;C:\Users\VAN\.m2\repository\com\yammer\metrics\metrics-core\2.2.0\metrics-core-2.2.0.jar;C:\Users\VAN\.m2\repository\org\apache\kafka\kafka-metadata\3.9.2\kafka-metadata-3.9.2.jar;C:\Users\VAN\.m2\repository\org\apache\kafka\kafka-server-common\3.9.2\kafka-server-common-3.9.2.jar;C:\Users\VAN\.m2\repository\net\sf\jopt-simple\jopt-simple\5.0.4\jopt-simple-5.0.4.jar;C:\Users\VAN\.m2\repository\org\pcollections\pcollections\4.0.1\pcollections-4.0.1.jar;C:\Users\VAN\.m2\repository\org\apache\kafka\kafka-server-common\3.9.2\kafka-server-common-3.9.2-test.jar;C:\Users\VAN\.m2\repository\org\apache\kafka\kafka-streams-test-utils\3.9.2\kafka-streams-test-utils-3.9.2.jar;C:\Users\VAN\.m2\repository\org\apache\kafka\kafka-streams\3.9.2\kafka-streams-3.9.2.jar;C:\Users\VAN\.m2\repository\org\rocksdb\rocksdbjni\7.9.2\rocksdbjni-7.9.2.jar;C:\Users\VAN\.m2\repository\org\apache\kafka\kafka_2.13\3.9.2\kafka_2.13-3.9.2.jar;C:\Users\VAN\.m2\repository\org\scala-lang\scala-library\2.13.15\scala-library-2.13.15.jar;C:\Users\VAN\.m2\repository\org\apache\kafka\kafka-group-coordinator-api\3.9.2\kafka-group-coordinator-api-3.9.2.jar;C:\Users\VAN\.m2\repository\org\apache\kafka\kafka-storage-api\3.9.2\kafka-storage-api-3.9.2.jar;C:\Users\VAN\.m2\repository\org\apache\kafka\kafka-tools-api\3.9.2\kafka-tools-api-3.9.2.jar;C:\Users\VAN\.m2\repository\net\sourceforge\argparse4j\argparse4j\0.7.0\argparse4j-0.7.0.jar;C:\Users\VAN\.m2\repository\commons-validator\commons-validator\1.10.1\commons-validator-1.10.1.jar;C:\Users\VAN\.m2\repository\commons-beanutils\commons-beanutils\1.11.0\commons-beanutils-1.11.0.jar;C:\Users\VAN\.m2\repository\commons-digester\commons-digester\2.1\commons-digester-2.1.jar;C:\Users\VAN\.m2\repository\commons-collections\commons-collections\3.2.2\commons-collections-3.2.2.jar;C:\Users\VAN\.m2\repository\com\fasterxml\jackson\module\jackson-module-scala_2.13\2.19.4\jackson-module-scala_2.13-2.19.4.jar;C:\Users\VAN\.m2\repository\com\thoughtworks\paranamer\paranamer\2.8.3\paranamer-2.8.3.jar;C:\Users\VAN\.m2\repository\com\fasterxml\jackson\dataformat\jackson-dataformat-csv\2.19.4\jackson-dataformat-csv-2.19.4.jar;C:\Users\VAN\.m2\repository\org\bitbucket\b_c\jose4j\0.9.6\jose4j-0.9.6.jar;C:\Users\VAN\.m2\repository\org\scala-lang\modules\scala-collection-compat_2.13\2.10.0\scala-collection-compat_2.13-2.10.0.jar;C:\Users\VAN\.m2\repository\org\scala-lang\modules\scala-java8-compat_2.13\1.0.2\scala-java8-compat_2.13-1.0.2.jar;C:\Users\VAN\.m2\repository\org\scala-lang\scala-reflect\2.13.15\scala-reflect-2.13.15.jar;C:\Users\VAN\.m2\repository\com\typesafe\scala-logging\scala-logging_2.13\3.9.5\scala-logging_2.13-3.9.5.jar;C:\Users\VAN\.m2\repository\io\dropwizard\metrics\metrics-core\4.1.12.1\metrics-core-4.1.12.1.jar;C:\Users\VAN\.m2\repository\commons-cli\commons-cli\1.4\commons-cli-1.4.jar;C:\Users\VAN\.m2\repository\org\apache\kafka\kafka_2.13\3.9.2\kafka_2.13-3.9.2-test.jar;C:\Users\VAN\.m2\repository\org\junit\jupiter\junit-jupiter-api\5.12.2\junit-jupiter-api-5.12.2.jar;C:\Users\VAN\.m2\repository\org\opentest4j\opentest4j\1.3.0\opentest4j-1.3.0.jar;C:\Users\VAN\.m2\repository\org\junit\platform\junit-platform-commons\1.12.2\junit-platform-commons-1.12.2.jar;C:\Users\VAN\.m2\repository\org\apiguardian\apiguardian-api\1.1.2\apiguardian-api-1.1.2.jar;C:\Users\VAN\.m2\repository\org\junit\platform\junit-platform-launcher\1.12.2\junit-platform-launcher-1.12.2.jar;C:\Users\VAN\.m2\repository\org\junit\platform\junit-platform-engine\1.12.2\junit-platform-engine-1.12.2.jar;
2026-03-22T18:32:58.850+07:00  INFO 28612 --- [notification-service] [           main] [                                                 ] o.a.zookeeper.server.ZooKeeperServer     : Server environment:java.library.path=C:\Program Files\Java\jdk-17\bin;C:\WINDOWS\Sun\Java\bin;C:\WINDOWS\system32;C:\WINDOWS;c:\Users\VAN\AppData\Roaming\Code\User\globalStorage\github.copilot-chat\debugCommand;c:\Users\VAN\AppData\Roaming\Code\User\globalStorage\github.copilot-chat\copilotCli;C:\Users\VAN\AppData\Local\Programs\Microsoft VS Code;C:\Program Files\Eclipse Adoptium\jdk-21.0.10.7-hotspot\bin;C:\Program Files\Java\jdk-17\bin;C:\Program Files\Microsoft MPI\Bin\;C:\Program Files (x86)\VMware\VMware Workstation\bin\;C:\windows\system32;C:\windows;C:\windows\System32\Wbem;C:\windows\System32\WindowsPowerShell\v1.0\;C:\windows\System32\OpenSSH\;C:\Program Files (x86)\NVIDIA Corporation\PhysX\Common;C:\Program Files\NVIDIA Corporation\NVIDIA NvDLISR;C:\Program Files\Microsoft SQL Server\150\Tools\Binn\;C:\WINDOWS\system32;C:\WINDOWS;C:\WINDOWS\System32\Wbem;C:\WINDOWS\System32\WindowsPowerShell\v1.0\;C:\WINDOWS\System32\OpenSSH\;C:\Program Files\Git\cmd;C:\Program Files (x86)\Microsoft SQL Server\160\Tools\Binn\;C:\Program Files\Microsoft SQL Server\160\Tools\Binn\;C:\Program Files\Microsoft SQL Server\Client SDK\ODBC\170\Tools\Binn\;C:\Program Files\Microsoft SQL Server\160\DTS\Binn\;C:\Program Files (x86)\Microsoft SQL Server\160\DTS\Binn\;C:\Program Files\Azure Data Studio\bin;C:\Program Files\HP\HP One Agent;C:\Program Files\dotnet\;C:\Program Files\Java\jdk-17\bin;C:\Program Files\Docker\Docker\resources\bin;C:\xampp\php\extras\openssl;C:\WINDOWS\system32;C:\WINDOWS;C:\WINDOWS\System32\Wbem;C:\WINDOWS\System32\WindowsPowerShell\v1.0\;C:\WINDOWS\System32\OpenSSH\;C:\Users\VAN\anaconda3\Scripts\pyspark;C:\Users\VAN\anaconda3\Scripts\pyspark.cmd;C:\Users\VAN\anaconda3\python.exe;C:\Users\VAN\spark\bin\;C:\Program Files\Java\jdk-17\bin;C:\Program Files\nodejs\;C:\ProgramData\chocolatey\bin;C:\xampp\php;D:\Composer;C:\Users\VAN\AppData\Local\Android\Sdk\platform-tools;D:\Down_Van\Scripts\;D:\Down_Van\;C:\Users\VAN\anaconda3\Lib\site-packages\pyspark\bin;C:\Users\VAN\anaconda3\Lib\site-packages\pyspark\python;C:\Users\VAN\anaconda3\bin;C:\Users\VAN\anaconda3\condabin;C:\Users\VAN\anaconda3\bin;C:\WINDOWS;C:\WINDOWS\system32;C:\WINDOWS\system32\Wbem;C:\Users\VAN\AppData\Local\Programs\Microsoft VS Code\bin;C:\Users\VAN\AppData\Roaming\npm;C:\Users\VAN\AppData\Roaming\Composer\vendor\bin;C:\Users\VAN\.dotnet\tools;D:\Down_Van\flutter\bin;c:\Users\VAN\.vscode\extensions\vscjava.vscode-java-debug-0.58.5\bundled\scripts\noConfigScripts;.
2026-03-22T18:32:58.851+07:00  INFO 28612 --- [notification-service] [           main] [                                                 ] o.a.zookeeper.server.ZooKeeperServer     : Server environment:java.io.tmpdir=D:\pip_temp\
2026-03-22T18:32:58.851+07:00  INFO 28612 --- [notification-service] [           main] [                                                 ] o.a.zookeeper.server.ZooKeeperServer     : Server environment:java.compiler=<NA>
2026-03-22T18:32:58.851+07:00  INFO 28612 --- [notification-service] [           main] [                                                 ] o.a.zookeeper.server.ZooKeeperServer     : Server environment:os.name=Windows 11
2026-03-22T18:32:58.851+07:00  INFO 28612 --- [notification-service] [           main] [                                                 ] o.a.zookeeper.server.ZooKeeperServer     : Server environment:os.arch=amd64
2026-03-22T18:32:58.851+07:00  INFO 28612 --- [notification-service] [           main] [                                                 ] o.a.zookeeper.server.ZooKeeperServer     : Server environment:os.version=10.0
2026-03-22T18:32:58.852+07:00  INFO 28612 --- [notification-service] [           main] [                                                 ] o.a.zookeeper.server.ZooKeeperServer     : Server environment:user.name=VAN
2026-03-22T18:32:58.852+07:00  INFO 28612 --- [notification-service] [           main] [                                                 ] o.a.zookeeper.server.ZooKeeperServer     : Server environment:user.home=C:\Users\VAN
2026-03-22T18:32:58.852+07:00  INFO 28612 --- [notification-service] [           main] [                                                 ] o.a.zookeeper.server.ZooKeeperServer     : Server environment:user.dir=D:\microservice\notification-service
2026-03-22T18:32:58.852+07:00  INFO 28612 --- [notification-service] [           main] [                                                 ] o.a.zookeeper.server.ZooKeeperServer     : Server environment:os.memory.free=42MB
2026-03-22T18:32:58.852+07:00  INFO 28612 --- [notification-service] [           main] [                                                 ] o.a.zookeeper.server.ZooKeeperServer     : Server environment:os.memory.max=1958MB
2026-03-22T18:32:58.852+07:00  INFO 28612 --- [notification-service] [           main] [                                                 ] o.a.zookeeper.server.ZooKeeperServer     : Server environment:os.memory.total=77MB
2026-03-22T18:32:58.853+07:00  INFO 28612 --- [notification-service] [           main] [                                                 ] o.a.zookeeper.server.ZooKeeperServer     : zookeeper.enableEagerACLCheck = false
2026-03-22T18:32:58.855+07:00  INFO 28612 --- [notification-service] [           main] [                                                 ] o.a.zookeeper.server.ZooKeeperServer     : zookeeper.digest.enabled = true
2026-03-22T18:32:58.855+07:00  INFO 28612 --- [notification-service] [           main] [                                                 ] o.a.zookeeper.server.ZooKeeperServer     : zookeeper.closeSessionTxn.enabled = true
2026-03-22T18:32:58.856+07:00  INFO 28612 --- [notification-service] [           main] [                                                 ] o.a.zookeeper.server.ZooKeeperServer     : zookeeper.flushDelay = 0 ms
2026-03-22T18:32:58.856+07:00  INFO 28612 --- [notification-service] [           main] [                                                 ] o.a.zookeeper.server.ZooKeeperServer     : zookeeper.maxWriteQueuePollTime = 0 ms
2026-03-22T18:32:58.856+07:00  INFO 28612 --- [notification-service] [           main] [                                                 ] o.a.zookeeper.server.ZooKeeperServer     : zookeeper.maxBatchSize=1000
2026-03-22T18:32:58.856+07:00  INFO 28612 --- [notification-service] [           main] [                                                 ] o.a.zookeeper.server.ZooKeeperServer     : zookeeper.intBufferStartingSizeBytes = 1024
2026-03-22T18:32:58.860+07:00  INFO 28612 --- [notification-service] [           main] [                                                 ] o.a.z.server.persistence.FileTxnSnapLog  : zookeeper.snapshot.trust.empty : false
2026-03-22T18:32:58.902+07:00  INFO 28612 --- [notification-service] [           main] [                                                 ] o.a.z.server.watch.WatchManagerFactory   : Using org.apache.zookeeper.server.watch.WatchManager as watch manager
2026-03-22T18:32:58.903+07:00  INFO 28612 --- [notification-service] [           main] [                                                 ] o.a.z.server.watch.WatchManagerFactory   : Using org.apache.zookeeper.server.watch.WatchManager as watch manager
2026-03-22T18:32:58.904+07:00  INFO 28612 --- [notification-service] [           main] [                                                 ] org.apache.zookeeper.server.ZKDatabase   : zookeeper.snapshotSizeFactor = 0.33
2026-03-22T18:32:58.905+07:00  INFO 28612 --- [notification-service] [           main] [                                                 ] org.apache.zookeeper.server.ZKDatabase   : zookeeper.commitLogCount=500
2026-03-22T18:32:58.914+07:00  INFO 28612 --- [notification-service] [           main] [                                                 ] o.apache.zookeeper.server.BlueThrottle   : Weighed connection throttling is disabled
2026-03-22T18:32:58.919+07:00  INFO 28612 --- [notification-service] [           main] [                                                 ] o.a.zookeeper.server.ZooKeeperServer     : minSessionTimeout set to 1600 ms
2026-03-22T18:32:58.919+07:00  INFO 28612 --- [notification-service] [           main] [                                                 ] o.a.zookeeper.server.ZooKeeperServer     : maxSessionTimeout set to 16000 ms
2026-03-22T18:32:58.921+07:00  INFO 28612 --- [notification-service] [           main] [                                                 ] o.apache.zookeeper.server.ResponseCache  : getData response cache size is initialized with value 400.
2026-03-22T18:32:58.921+07:00  INFO 28612 --- [notification-service] [           main] [                                                 ] o.apache.zookeeper.server.ResponseCache  : getChildren response cache size is initialized with value 400.
2026-03-22T18:32:58.923+07:00  INFO 28612 --- [notification-service] [           main] [                                                 ] o.a.z.s.u.RequestPathMetricsCollector    : zookeeper.pathStats.slotCapacity = 60
2026-03-22T18:32:58.924+07:00  INFO 28612 --- [notification-service] [           main] [                                                 ] o.a.z.s.u.RequestPathMetricsCollector    : zookeeper.pathStats.slotDuration = 15
2026-03-22T18:32:58.924+07:00  INFO 28612 --- [notification-service] [           main] [                                                 ] o.a.z.s.u.RequestPathMetricsCollector    : zookeeper.pathStats.maxDepth = 6
2026-03-22T18:32:58.924+07:00  INFO 28612 --- [notification-service] [           main] [                                                 ] o.a.z.s.u.RequestPathMetricsCollector    : zookeeper.pathStats.initialDelay = 5
2026-03-22T18:32:58.924+07:00  INFO 28612 --- [notification-service] [           main] [                                                 ] o.a.z.s.u.RequestPathMetricsCollector    : zookeeper.pathStats.delay = 5
2026-03-22T18:32:58.924+07:00  INFO 28612 --- [notification-service] [           main] [                                                 ] o.a.z.s.u.RequestPathMetricsCollector    : zookeeper.pathStats.enabled = false
2026-03-22T18:32:58.928+07:00  INFO 28612 --- [notification-service] [           main] [                                                 ] o.a.zookeeper.server.ZooKeeperServer     : The max bytes for all large requests are set to 104857600
2026-03-22T18:32:58.929+07:00  INFO 28612 --- [notification-service] [           main] [                                                 ] o.a.zookeeper.server.ZooKeeperServer     : The large request threshold is set to -1
2026-03-22T18:32:58.930+07:00  INFO 28612 --- [notification-service] [           main] [                                                 ] o.a.z.server.AuthenticationHelper        : zookeeper.enforce.auth.enabled = false
2026-03-22T18:32:58.931+07:00  INFO 28612 --- [notification-service] [           main] [                                                 ] o.a.z.server.AuthenticationHelper        : zookeeper.enforce.auth.schemes = []
2026-03-22T18:32:58.931+07:00  INFO 28612 --- [notification-service] [           main] [                                                 ] o.a.zookeeper.server.ZooKeeperServer     : Created server with tickTime 800 ms minSessionTimeout 1600 ms maxSessionTimeout 16000 ms clientPortListenBacklog -1 datadir D:\pip_temp\kafka-16157103405053865844\version-2 snapdir D:\pip_temp\kafka-17795020637347562518\version-2
2026-03-22T18:32:58.945+07:00  WARN 28612 --- [notification-service] [           main] [                                                 ] o.a.zookeeper.server.ServerCnxnFactory   : maxCnxns is not configured, using default value 0.
2026-03-22T18:32:58.948+07:00  INFO 28612 --- [notification-service] [           main] [                                                 ] o.a.z.server.NIOServerCnxnFactory        : Configuring NIO connection handler with 10s sessionless connection timeout, 2 selector thread(s), 24 worker threads, and 64 kB direct buffers.
2026-03-22T18:32:59.016+07:00  INFO 28612 --- [notification-service] [           main] [                                                 ] o.a.z.server.NIOServerCnxnFactory        : binding to port /127.0.0.1:0
2026-03-22T18:32:59.060+07:00  INFO 28612 --- [notification-service] [           main] [                                                 ] o.a.z.server.persistence.SnapStream      : zookeeper.snapshot.compression.method = CHECKED
2026-03-22T18:32:59.060+07:00  INFO 28612 --- [notification-service] [           main] [                                                 ] o.a.z.server.persistence.FileTxnSnapLog  : Snapshotting: 0x0 to D:\pip_temp\kafka-17795020637347562518\version-2\snapshot.0
2026-03-22T18:32:59.072+07:00  INFO 28612 --- [notification-service] [           main] [                                                 ] org.apache.zookeeper.server.ZKDatabase   : Snapshot loaded in 46 ms, highest zxid is 0x0, digest is 1371985504
2026-03-22T18:32:59.073+07:00  INFO 28612 --- [notification-service] [           main] [                                                 ] o.a.z.server.persistence.FileTxnSnapLog  : Snapshotting: 0x0 to D:\pip_temp\kafka-17795020637347562518\version-2\snapshot.0
2026-03-22T18:32:59.075+07:00  INFO 28612 --- [notification-service] [           main] [                                                 ] o.a.zookeeper.server.ZooKeeperServer     : Snapshot taken in 1 ms
2026-03-22T18:32:59.093+07:00  INFO 28612 --- [notification-service] [           main] [                                                 ] o.a.zookeeper.server.RequestThrottler    : zookeeper.request_throttler.shutdownTimeout = 10000 ms
2026-03-22T18:32:59.096+07:00  INFO 28612 --- [notification-service] [0 cport:51170):] [                                                 ] o.a.z.server.PrepRequestProcessor        : PrepRequestProcessor (sid:0) started, reconfigEnabled=false
2026-03-22T18:32:59.432+07:00  INFO 28612 --- [notification-service] [           main] [                                                 ] kafka.server.KafkaConfig                 : KafkaConfig values: 
	advertised.listeners = null
	alter.config.policy.class.name = null
	alter.config.policy.kraft.compatibility.enable = false
	alter.log.dirs.replication.quota.window.num = 11
	alter.log.dirs.replication.quota.window.size.seconds = 1
	authorizer.class.name = 
	auto.create.topics.enable = true
	auto.include.jmx.reporter = true
	auto.leader.rebalance.enable = true
	background.threads = 2
	broker.heartbeat.interval.ms = 2000
	broker.id = 0
	broker.id.generation.enable = true
	broker.rack = null
	broker.session.timeout.ms = 9000
	client.quota.callback.class = null
	compression.gzip.level = -1
	compression.lz4.level = 9
	compression.type = producer
	compression.zstd.level = 3
	connection.failed.authentication.delay.ms = 100
	connections.max.idle.ms = 600000
	connections.max.reauth.ms = 0
	control.plane.listener.name = null
	controlled.shutdown.enable = false
	controlled.shutdown.max.retries = 3
	controlled.shutdown.retry.backoff.ms = 100
	controller.listener.names = null
	controller.quorum.append.linger.ms = 25
	controller.quorum.bootstrap.servers = []
	controller.quorum.election.backoff.max.ms = 1000
	controller.quorum.election.timeout.ms = 1000
	controller.quorum.fetch.timeout.ms = 2000
	controller.quorum.request.timeout.ms = 2000
	controller.quorum.retry.backoff.ms = 20
	controller.quorum.voters = []
	controller.quota.window.num = 11
	controller.quota.window.size.seconds = 1
	controller.socket.timeout.ms = 1000
	create.topic.policy.class.name = null
	default.replication.factor = 1
	delegation.token.expiry.check.interval.ms = 3600000
	delegation.token.expiry.time.ms = 86400000
	delegation.token.master.key = null
	delegation.token.max.lifetime.ms = 604800000
	delegation.token.secret.key = null
	delete.records.purgatory.purge.interval.requests = 1
	delete.topic.enable = true
	early.start.listeners = null
	eligible.leader.replicas.enable = false
	fetch.max.bytes = 57671680
	fetch.purgatory.purge.interval.requests = 1000
	group.consumer.assignors = [org.apache.kafka.coordinator.group.assignor.UniformAssignor, org.apache.kafka.coordinator.group.assignor.RangeAssignor]
	group.consumer.heartbeat.interval.ms = 5000
	group.consumer.max.heartbeat.interval.ms = 15000
	group.consumer.max.session.timeout.ms = 60000
	group.consumer.max.size = 2147483647
	group.consumer.migration.policy = disabled
	group.consumer.min.heartbeat.interval.ms = 5000
	group.consumer.min.session.timeout.ms = 45000
	group.consumer.session.timeout.ms = 45000
	group.coordinator.append.linger.ms = 10
	group.coordinator.new.enable = false
	group.coordinator.rebalance.protocols = [classic]
	group.coordinator.threads = 1
	group.initial.rebalance.delay.ms = 0
	group.max.session.timeout.ms = 1800000
	group.max.size = 2147483647
	group.min.session.timeout.ms = 6000
	group.share.delivery.count.limit = 5
	group.share.enable = false
	group.share.heartbeat.interval.ms = 5000
	group.share.max.groups = 10
	group.share.max.heartbeat.interval.ms = 15000
	group.share.max.record.lock.duration.ms = 60000
	group.share.max.session.timeout.ms = 60000
	group.share.max.size = 200
	group.share.min.heartbeat.interval.ms = 5000
	group.share.min.record.lock.duration.ms = 15000
	group.share.min.session.timeout.ms = 45000
	group.share.partition.max.record.locks = 200
	group.share.record.lock.duration.ms = 30000
	group.share.session.timeout.ms = 45000
	initial.broker.registration.timeout.ms = 60000
	inter.broker.listener.name = null
	inter.broker.protocol.version = 3.9-IV0
	kafka.metrics.polling.interval.secs = 10
	kafka.metrics.reporters = []
	leader.imbalance.check.interval.seconds = 300
	leader.imbalance.per.broker.percentage = 10
	listener.security.protocol.map = SASL_SSL:SASL_SSL,PLAINTEXT:PLAINTEXT,SSL:SSL,SASL_PLAINTEXT:SASL_PLAINTEXT
	listeners = PLAINTEXT://localhost:0
	log.cleaner.backoff.ms = 15000
	log.cleaner.dedupe.buffer.size = 2097152
	log.cleaner.delete.retention.ms = 86400000
	log.cleaner.enable = true
	log.cleaner.io.buffer.load.factor = 0.9
	log.cleaner.io.buffer.size = 524288
	log.cleaner.io.max.bytes.per.second = 1.7976931348623157E308
	log.cleaner.max.compaction.lag.ms = 9223372036854775807
	log.cleaner.min.cleanable.ratio = 0.5
	log.cleaner.min.compaction.lag.ms = 0
	log.cleaner.threads = 1
	log.cleanup.policy = [delete]
	log.dir = D:\pip_temp\spring.kafka.32da5b35-7653-4d36-995f-47b1a5e8e6d914799321958323961810
	log.dir.failure.timeout.ms = 30000
	log.dirs = null
	log.flush.interval.messages = 9223372036854775807
	log.flush.interval.ms = null
	log.flush.offset.checkpoint.interval.ms = 60000
	log.flush.scheduler.interval.ms = 9223372036854775807
	log.flush.start.offset.checkpoint.interval.ms = 60000
	log.index.interval.bytes = 4096
	log.index.size.max.bytes = 10485760
	log.initial.task.delay.ms = 100
	log.local.retention.bytes = -2
	log.local.retention.ms = -2
	log.message.downconversion.enable = true
	log.message.format.version = 3.0-IV1
	log.message.timestamp.after.max.ms = 9223372036854775807
	log.message.timestamp.before.max.ms = 9223372036854775807
	log.message.timestamp.difference.max.ms = 9223372036854775807
	log.message.timestamp.type = CreateTime
	log.preallocate = false
	log.retention.bytes = -1
	log.retention.check.interval.ms = 300000
	log.retention.hours = 168
	log.retention.minutes = null
	log.retention.ms = null
	log.roll.hours = 168
	log.roll.jitter.hours = 0
	log.roll.jitter.ms = null
	log.roll.ms = null
	log.segment.bytes = 1073741824
	log.segment.delete.delay.ms = 1000
	max.connection.creation.rate = 2147483647
	max.connections = 2147483647
	max.connections.per.ip = 2147483647
	max.connections.per.ip.overrides = 
	max.incremental.fetch.session.cache.slots = 1000
	max.request.partition.size.limit = 2000
	message.max.bytes = 1048588
	metadata.log.dir = null
	metadata.log.max.record.bytes.between.snapshots = 20971520
	metadata.log.max.snapshot.interval.ms = 3600000
	metadata.log.segment.bytes = 1073741824
	metadata.log.segment.min.bytes = 8388608
	metadata.log.segment.ms = 604800000
	metadata.max.idle.interval.ms = 500
	metadata.max.retention.bytes = 104857600
	metadata.max.retention.ms = 604800000
	metric.reporters = []
	metrics.num.samples = 2
	metrics.recording.level = INFO
	metrics.sample.window.ms = 30000
	min.insync.replicas = 1
	node.id = 0
	num.io.threads = 8
	num.network.threads = 2
	num.partitions = 1
	num.recovery.threads.per.data.dir = 1
	num.replica.alter.log.dirs.threads = null
	num.replica.fetchers = 1
	offset.metadata.max.bytes = 4096
	offsets.commit.required.acks = -1
	offsets.commit.timeout.ms = 5000
	offsets.load.buffer.size = 5242880
	offsets.retention.check.interval.ms = 600000
	offsets.retention.minutes = 10080
	offsets.topic.compression.codec = 0
	offsets.topic.num.partitions = 5
	offsets.topic.replication.factor = 1
	offsets.topic.segment.bytes = 104857600
	password.encoder.cipher.algorithm = AES/CBC/PKCS5Padding
	password.encoder.iterations = 4096
	password.encoder.key.length = 128
	password.encoder.keyfactory.algorithm = null
	password.encoder.old.secret = null
	password.encoder.secret = null
	principal.builder.class = class org.apache.kafka.common.security.authenticator.DefaultKafkaPrincipalBuilder
	process.roles = []
	producer.id.expiration.check.interval.ms = 600000
	producer.id.expiration.ms = 86400000
	producer.purgatory.purge.interval.requests = 1000
	queued.max.request.bytes = -1
	queued.max.requests = 500
	quota.window.num = 11
	quota.window.size.seconds = 1
	remote.fetch.max.wait.ms = 500
	remote.log.index.file.cache.total.size.bytes = 1073741824
	remote.log.manager.copier.thread.pool.size = -1
	remote.log.manager.copy.max.bytes.per.second = 9223372036854775807
	remote.log.manager.copy.quota.window.num = 11
	remote.log.manager.copy.quota.window.size.seconds = 1
	remote.log.manager.expiration.thread.pool.size = -1
	remote.log.manager.fetch.max.bytes.per.second = 9223372036854775807
	remote.log.manager.fetch.quota.window.num = 11
	remote.log.manager.fetch.quota.window.size.seconds = 1
	remote.log.manager.task.interval.ms = 30000
	remote.log.manager.task.retry.backoff.max.ms = 30000
	remote.log.manager.task.retry.backoff.ms = 500
	remote.log.manager.task.retry.jitter = 0.2
	remote.log.manager.thread.pool.size = 10
	remote.log.metadata.custom.metadata.max.bytes = 128
	remote.log.metadata.manager.class.name = org.apache.kafka.server.log.remote.metadata.storage.TopicBasedRemoteLogMetadataManager
	remote.log.metadata.manager.class.path = null
	remote.log.metadata.manager.impl.prefix = rlmm.config.
	remote.log.metadata.manager.listener.name = null
	remote.log.reader.max.pending.tasks = 100
	remote.log.reader.threads = 10
	remote.log.storage.manager.class.name = null
	remote.log.storage.manager.class.path = null
	remote.log.storage.manager.impl.prefix = rsm.config.
	remote.log.storage.system.enable = false
	replica.fetch.backoff.ms = 1000
	replica.fetch.max.bytes = 1048576
	replica.fetch.min.bytes = 1
	replica.fetch.response.max.bytes = 10485760
	replica.fetch.wait.max.ms = 500
	replica.high.watermark.checkpoint.interval.ms = 9223372036854775807
	replica.lag.time.max.ms = 30000
	replica.selector.class = null
	replica.socket.receive.buffer.bytes = 65536
	replica.socket.timeout.ms = 1000
	replication.quota.window.num = 11
	replication.quota.window.size.seconds = 1
	request.timeout.ms = 30000
	reserved.broker.max.id = 1000
	sasl.client.callback.handler.class = null
	sasl.enabled.mechanisms = [GSSAPI]
	sasl.jaas.config = null
	sasl.kerberos.kinit.cmd = /usr/bin/kinit
	sasl.kerberos.min.time.before.relogin = 60000
	sasl.kerberos.principal.to.local.rules = [DEFAULT]
	sasl.kerberos.service.name = null
	sasl.kerberos.ticket.renew.jitter = 0.05
	sasl.kerberos.ticket.renew.window.factor = 0.8
	sasl.login.callback.handler.class = null
	sasl.login.class = null
	sasl.login.connect.timeout.ms = null
	sasl.login.read.timeout.ms = null
	sasl.login.refresh.buffer.seconds = 300
	sasl.login.refresh.min.period.seconds = 60
	sasl.login.refresh.window.factor = 0.8
	sasl.login.refresh.window.jitter = 0.05
	sasl.login.retry.backoff.max.ms = 10000
	sasl.login.retry.backoff.ms = 100
	sasl.mechanism.controller.protocol = GSSAPI
	sasl.mechanism.inter.broker.protocol = GSSAPI
	sasl.oauthbearer.clock.skew.seconds = 30
	sasl.oauthbearer.expected.audience = null
	sasl.oauthbearer.expected.issuer = null
	sasl.oauthbearer.jwks.endpoint.refresh.ms = 3600000
	sasl.oauthbearer.jwks.endpoint.retry.backoff.max.ms = 10000
	sasl.oauthbearer.jwks.endpoint.retry.backoff.ms = 100
	sasl.oauthbearer.jwks.endpoint.url = null
	sasl.oauthbearer.scope.claim.name = scope
	sasl.oauthbearer.sub.claim.name = sub
	sasl.oauthbearer.token.endpoint.url = null
	sasl.server.callback.handler.class = null
	sasl.server.max.receive.size = 524288
	security.inter.broker.protocol = PLAINTEXT
	security.providers = null
	server.max.startup.time.ms = 9223372036854775807
	socket.connection.setup.timeout.max.ms = 30000
	socket.connection.setup.timeout.ms = 10000
	socket.listen.backlog.size = 50
	socket.receive.buffer.bytes = 102400
	socket.request.max.bytes = 104857600
	socket.send.buffer.bytes = 102400
	ssl.allow.dn.changes = false
	ssl.allow.san.changes = false
	ssl.cipher.suites = []
	ssl.client.auth = none
	ssl.enabled.protocols = [TLSv1.2, TLSv1.3]
	ssl.endpoint.identification.algorithm = https
	ssl.engine.factory.class = null
	ssl.key.password = null
	ssl.keymanager.algorithm = SunX509
	ssl.keystore.certificate.chain = null
	ssl.keystore.key = null
	ssl.keystore.location = null
	ssl.keystore.password = null
	ssl.keystore.type = JKS
	ssl.principal.mapping.rules = DEFAULT
	ssl.protocol = TLSv1.3
	ssl.provider = null
	ssl.secure.random.implementation = null
	ssl.trustmanager.algorithm = PKIX
	ssl.truststore.certificates = null
	ssl.truststore.location = null
	ssl.truststore.password = null
	ssl.truststore.type = JKS
	telemetry.max.bytes = 1048576
	transaction.abort.timed.out.transaction.cleanup.interval.ms = 10000
	transaction.max.timeout.ms = 900000
	transaction.partition.verification.enable = true
	transaction.remove.expired.transaction.cleanup.interval.ms = 3600000
	transaction.state.log.load.buffer.size = 5242880
	transaction.state.log.min.isr = 2
	transaction.state.log.num.partitions = 50
	transaction.state.log.replication.factor = 1
	transaction.state.log.segment.bytes = 104857600
	transactional.id.expiration.ms = 604800000
	unclean.leader.election.enable = false
	unclean.leader.election.interval.ms = 300000
	unstable.api.versions.enable = true
	unstable.feature.versions.enable = true
	zookeeper.clientCnxnSocket = null
	zookeeper.connect = 127.0.0.1:51170
	zookeeper.connection.timeout.ms = 10000
	zookeeper.max.in.flight.requests = 10
	zookeeper.metadata.migration.enable = false
	zookeeper.metadata.migration.min.batch.size = 200
	zookeeper.session.timeout.ms = 18000
	zookeeper.set.acl = false
	zookeeper.ssl.cipher.suites = null
	zookeeper.ssl.client.enable = false
	zookeeper.ssl.crl.enable = false
	zookeeper.ssl.enabled.protocols = null
	zookeeper.ssl.endpoint.identification.algorithm = HTTPS
	zookeeper.ssl.keystore.location = null
	zookeeper.ssl.keystore.password = null
	zookeeper.ssl.keystore.type = null
	zookeeper.ssl.ocsp.enable = false
	zookeeper.ssl.protocol = TLSv1.2
	zookeeper.ssl.truststore.location = null
	zookeeper.ssl.truststore.password = null
	zookeeper.ssl.truststore.type = null

2026-03-22T18:32:59.503+07:00  INFO 28612 --- [notification-service] [           main] [                                                 ] org.apache.zookeeper.common.X509Util     : Setting -D jdk.tls.rejectClientInitiatedRenegotiation=true to disable client-initiated TLS renegotiation
2026-03-22T18:32:59.650+07:00  INFO 28612 --- [notification-service] [           main] [                                                 ] kafka.server.KafkaServer                 : starting
2026-03-22T18:32:59.650+07:00  INFO 28612 --- [notification-service] [           main] [                                                 ] kafka.server.KafkaServer                 : Connecting to zookeeper on 127.0.0.1:51170
2026-03-22T18:32:59.704+07:00  INFO 28612 --- [notification-service] [           main] [                                                 ] kafka.zookeeper.ZooKeeperClient          : [ZooKeeperClient Kafka server] Initializing a new session to 127.0.0.1:51170.
2026-03-22T18:32:59.708+07:00  INFO 28612 --- [notification-service] [           main] [                                                 ] org.apache.zookeeper.ZooKeeper           : Client environment:zookeeper.version=3.8.6-6df26081269769c160c8c3a24929c60c91cd19c3, built on 2026-01-28 20:28 UTC
2026-03-22T18:32:59.708+07:00  INFO 28612 --- [notification-service] [           main] [                                                 ] org.apache.zookeeper.ZooKeeper           : Client environment:host.name=LAPTOP-CEBBKPMJ.lan
2026-03-22T18:32:59.708+07:00  INFO 28612 --- [notification-service] [           main] [                                                 ] org.apache.zookeeper.ZooKeeper           : Client environment:java.version=17.0.12
2026-03-22T18:32:59.708+07:00  INFO 28612 --- [notification-service] [           main] [                                                 ] org.apache.zookeeper.ZooKeeper           : Client environment:java.vendor=Oracle Corporation
2026-03-22T18:32:59.709+07:00  INFO 28612 --- [notification-service] [           main] [                                                 ] org.apache.zookeeper.ZooKeeper           : Client environment:java.home=C:\Program Files\Java\jdk-17
2026-03-22T18:32:59.709+07:00  INFO 28612 --- [notification-service] [           main] [                                                 ] org.apache.zookeeper.ZooKeeper           : Client environment:java.class.path=D:\microservice\notification-service\target\test-classes;D:\microservice\notification-service\target\classes;C:\Users\VAN\.m2\repository\org\springframework\boot\spring-boot-starter-actuator\3.5.12\spring-boot-starter-actuator-3.5.12.jar;C:\Users\VAN\.m2\repository\org\springframework\boot\spring-boot-starter\3.5.12\spring-boot-starter-3.5.12.jar;C:\Users\VAN\.m2\repository\org\springframework\boot\spring-boot\3.5.12\spring-boot-3.5.12.jar;C:\Users\VAN\.m2\repository\org\springframework\boot\spring-boot-autoconfigure\3.5.12\spring-boot-autoconfigure-3.5.12.jar;C:\Users\VAN\.m2\repository\org\springframework\boot\spring-boot-starter-logging\3.5.12\spring-boot-starter-logging-3.5.12.jar;C:\Users\VAN\.m2\repository\org\apache\logging\log4j\log4j-to-slf4j\2.24.3\log4j-to-slf4j-2.24.3.jar;C:\Users\VAN\.m2\repository\org\apache\logging\log4j\log4j-api\2.24.3\log4j-api-2.24.3.jar;C:\Users\VAN\.m2\repository\org\slf4j\jul-to-slf4j\2.0.17\jul-to-slf4j-2.0.17.jar;C:\Users\VAN\.m2\repository\jakarta\annotation\jakarta.annotation-api\2.1.1\jakarta.annotation-api-2.1.1.jar;C:\Users\VAN\.m2\repository\org\yaml\snakeyaml\2.4\snakeyaml-2.4.jar;C:\Users\VAN\.m2\repository\org\springframework\boot\spring-boot-actuator-autoconfigure\3.5.12\spring-boot-actuator-autoconfigure-3.5.12.jar;C:\Users\VAN\.m2\repository\org\springframework\boot\spring-boot-actuator\3.5.12\spring-boot-actuator-3.5.12.jar;C:\Users\VAN\.m2\repository\com\fasterxml\jackson\core\jackson-databind\2.19.4\jackson-databind-2.19.4.jar;C:\Users\VAN\.m2\repository\com\fasterxml\jackson\datatype\jackson-datatype-jsr310\2.19.4\jackson-datatype-jsr310-2.19.4.jar;C:\Users\VAN\.m2\repository\io\micrometer\micrometer-observation\1.15.10\micrometer-observation-1.15.10.jar;C:\Users\VAN\.m2\repository\io\micrometer\micrometer-commons\1.15.10\micrometer-commons-1.15.10.jar;C:\Users\VAN\.m2\repository\io\micrometer\micrometer-jakarta9\1.15.10\micrometer-jakarta9-1.15.10.jar;C:\Users\VAN\.m2\repository\org\springframework\boot\spring-boot-starter-web\3.5.12\spring-boot-starter-web-3.5.12.jar;C:\Users\VAN\.m2\repository\org\springframework\boot\spring-boot-starter-json\3.5.12\spring-boot-starter-json-3.5.12.jar;C:\Users\VAN\.m2\repository\com\fasterxml\jackson\datatype\jackson-datatype-jdk8\2.19.4\jackson-datatype-jdk8-2.19.4.jar;C:\Users\VAN\.m2\repository\com\fasterxml\jackson\module\jackson-module-parameter-names\2.19.4\jackson-module-parameter-names-2.19.4.jar;C:\Users\VAN\.m2\repository\org\springframework\boot\spring-boot-starter-tomcat\3.5.12\spring-boot-starter-tomcat-3.5.12.jar;C:\Users\VAN\.m2\repository\org\apache\tomcat\embed\tomcat-embed-core\10.1.52\tomcat-embed-core-10.1.52.jar;C:\Users\VAN\.m2\repository\org\apache\tomcat\embed\tomcat-embed-el\10.1.52\tomcat-embed-el-10.1.52.jar;C:\Users\VAN\.m2\repository\org\apache\tomcat\embed\tomcat-embed-websocket\10.1.52\tomcat-embed-websocket-10.1.52.jar;C:\Users\VAN\.m2\repository\org\springframework\spring-web\6.2.17\spring-web-6.2.17.jar;C:\Users\VAN\.m2\repository\org\springframework\spring-beans\6.2.17\spring-beans-6.2.17.jar;C:\Users\VAN\.m2\repository\org\springframework\spring-webmvc\6.2.17\spring-webmvc-6.2.17.jar;C:\Users\VAN\.m2\repository\org\springframework\spring-aop\6.2.17\spring-aop-6.2.17.jar;C:\Users\VAN\.m2\repository\org\springframework\spring-expression\6.2.17\spring-expression-6.2.17.jar;C:\Users\VAN\.m2\repository\org\springframework\cloud\spring-cloud-starter-netflix-eureka-client\4.3.1\spring-cloud-starter-netflix-eureka-client-4.3.1.jar;C:\Users\VAN\.m2\repository\org\springframework\cloud\spring-cloud-starter\4.3.1\spring-cloud-starter-4.3.1.jar;C:\Users\VAN\.m2\repository\org\springframework\cloud\spring-cloud-context\4.3.1\spring-cloud-context-4.3.1.jar;C:\Users\VAN\.m2\repository\org\springframework\security\spring-security-crypto\6.5.9\spring-security-crypto-6.5.9.jar;C:\Users\VAN\.m2\repository\org\springframework\cloud\spring-cloud-commons\4.3.1\spring-cloud-commons-4.3.1.jar;C:\Users\VAN\.m2\repository\org\bouncycastle\bcprov-jdk18on\1.80\bcprov-jdk18on-1.80.jar;C:\Users\VAN\.m2\repository\org\springframework\cloud\spring-cloud-netflix-eureka-client\4.3.1\spring-cloud-netflix-eureka-client-4.3.1.jar;C:\Users\VAN\.m2\repository\org\apache\httpcomponents\client5\httpclient5\5.5.2\httpclient5-5.5.2.jar;C:\Users\VAN\.m2\repository\org\apache\httpcomponents\core5\httpcore5\5.3.6\httpcore5-5.3.6.jar;C:\Users\VAN\.m2\repository\org\apache\httpcomponents\core5\httpcore5-h2\5.3.6\httpcore5-h2-5.3.6.jar;C:\Users\VAN\.m2\repository\com\netflix\eureka\eureka-client\2.0.5\eureka-client-2.0.5.jar;C:\Users\VAN\.m2\repository\com\thoughtworks\xstream\xstream\1.4.21\xstream-1.4.21.jar;C:\Users\VAN\.m2\repository\io\github\x-stream\mxparser\1.2.2\mxparser-1.2.2.jar;C:\Users\VAN\.m2\repository\xmlpull\xmlpull\1.1.3.1\xmlpull-1.1.3.1.jar;C:\Users\VAN\.m2\repository\jakarta\ws\rs\jakarta.ws.rs-api\3.1.0\jakarta.ws.rs-api-3.1.0.jar;C:\Users\VAN\.m2\repository\jakarta\inject\jakarta.inject-api\2.0.1\jakarta.inject-api-2.0.1.jar;C:\Users\VAN\.m2\repository\com\netflix\spectator\spectator-api\1.7.3\spectator-api-1.7.3.jar;C:\Users\VAN\.m2\repository\org\apache\httpcomponents\httpclient\4.5.3\httpclient-4.5.3.jar;C:\Users\VAN\.m2\repository\org\apache\httpcomponents\httpcore\4.4.16\httpcore-4.4.16.jar;C:\Users\VAN\.m2\repository\commons-codec\commons-codec\1.18.0\commons-codec-1.18.0.jar;C:\Users\VAN\.m2\repository\commons-configuration\commons-configuration\1.10\commons-configuration-1.10.jar;C:\Users\VAN\.m2\repository\commons-lang\commons-lang\2.6\commons-lang-2.6.jar;C:\Users\VAN\.m2\repository\com\fasterxml\jackson\core\jackson-annotations\2.19.4\jackson-annotations-2.19.4.jar;C:\Users\VAN\.m2\repository\com\fasterxml\jackson\core\jackson-core\2.19.4\jackson-core-2.19.4.jar;C:\Users\VAN\.m2\repository\com\netflix\netflix-commons\netflix-eventbus\0.3.0\netflix-eventbus-0.3.0.jar;C:\Users\VAN\.m2\repository\com\netflix\netflix-commons\netflix-infix\0.3.0\netflix-infix-0.3.0.jar;C:\Users\VAN\.m2\repository\commons-jxpath\commons-jxpath\1.3\commons-jxpath-1.3.jar;C:\Users\VAN\.m2\repository\joda-time\joda-time\2.3\joda-time-2.3.jar;C:\Users\VAN\.m2\repository\org\antlr\antlr-runtime\3.4\antlr-runtime-3.4.jar;C:\Users\VAN\.m2\repository\org\antlr\stringtemplate\3.2.1\stringtemplate-3.2.1.jar;C:\Users\VAN\.m2\repository\antlr\antlr\2.7.7\antlr-2.7.7.jar;C:\Users\VAN\.m2\repository\com\google\code\gson\gson\2.13.2\gson-2.13.2.jar;C:\Users\VAN\.m2\repository\com\netflix\servo\servo-core\0.5.3\servo-core-0.5.3.jar;C:\Users\VAN\.m2\repository\org\apache\commons\commons-math\2.2\commons-math-2.2.jar;C:\Users\VAN\.m2\repository\javax\annotation\javax.annotation-api\1.2\javax.annotation-api-1.2.jar;C:\Users\VAN\.m2\repository\org\codehaus\jettison\jettison\1.5.4\jettison-1.5.4.jar;C:\Users\VAN\.m2\repository\org\springframework\cloud\spring-cloud-starter-loadbalancer\4.3.1\spring-cloud-starter-loadbalancer-4.3.1.jar;C:\Users\VAN\.m2\repository\org\springframework\cloud\spring-cloud-loadbalancer\4.3.1\spring-cloud-loadbalancer-4.3.1.jar;C:\Users\VAN\.m2\repository\io\projectreactor\reactor-core\3.7.17\reactor-core-3.7.17.jar;C:\Users\VAN\.m2\repository\org\reactivestreams\reactive-streams\1.0.4\reactive-streams-1.0.4.jar;C:\Users\VAN\.m2\repository\io\projectreactor\addons\reactor-extra\3.5.4\reactor-extra-3.5.4.jar;C:\Users\VAN\.m2\repository\org\springframework\boot\spring-boot-starter-cache\3.5.12\spring-boot-starter-cache-3.5.12.jar;C:\Users\VAN\.m2\repository\org\springframework\spring-context-support\6.2.17\spring-context-support-6.2.17.jar;C:\Users\VAN\.m2\repository\com\stoyanr\evictor\1.0.0\evictor-1.0.0.jar;C:\Users\VAN\.m2\repository\org\springframework\kafka\spring-kafka\3.3.14\spring-kafka-3.3.14.jar;C:\Users\VAN\.m2\repository\org\springframework\spring-context\6.2.17\spring-context-6.2.17.jar;C:\Users\VAN\.m2\repository\org\springframework\spring-messaging\6.2.17\spring-messaging-6.2.17.jar;C:\Users\VAN\.m2\repository\org\springframework\spring-tx\6.2.17\spring-tx-6.2.17.jar;C:\Users\VAN\.m2\repository\org\springframework\retry\spring-retry\2.0.12\spring-retry-2.0.12.jar;C:\Users\VAN\.m2\repository\org\apache\kafka\kafka-clients\3.9.2\kafka-clients-3.9.2.jar;C:\Users\VAN\.m2\repository\com\github\luben\zstd-jni\1.5.6-4\zstd-jni-1.5.6-4.jar;C:\Users\VAN\.m2\repository\at\yawk\lz4\lz4-java\1.10.1\lz4-java-1.10.1.jar;C:\Users\VAN\.m2\repository\org\xerial\snappy\snappy-java\1.1.10.5\snappy-java-1.1.10.5.jar;C:\Users\VAN\.m2\repository\io\micrometer\micrometer-tracing-bridge-brave\1.5.10\micrometer-tracing-bridge-brave-1.5.10.jar;C:\Users\VAN\.m2\repository\io\micrometer\micrometer-tracing\1.5.10\micrometer-tracing-1.5.10.jar;C:\Users\VAN\.m2\repository\io\micrometer\context-propagation\1.1.4\context-propagation-1.1.4.jar;C:\Users\VAN\.m2\repository\aopalliance\aopalliance\1.0\aopalliance-1.0.jar;C:\Users\VAN\.m2\repository\org\slf4j\slf4j-api\2.0.17\slf4j-api-2.0.17.jar;C:\Users\VAN\.m2\repository\io\zipkin\brave\brave\6.1.0\brave-6.1.0.jar;C:\Users\VAN\.m2\repository\io\zipkin\brave\brave-context-slf4j\6.1.0\brave-context-slf4j-6.1.0.jar;C:\Users\VAN\.m2\repository\io\zipkin\brave\brave-instrumentation-http\6.1.0\brave-instrumentation-http-6.1.0.jar;C:\Users\VAN\.m2\repository\io\zipkin\aws\brave-propagation-aws\1.3.0\brave-propagation-aws-1.3.0.jar;C:\Users\VAN\.m2\repository\io\zipkin\contrib\brave-propagation-w3c\brave-propagation-tracecontext\0.2.0\brave-propagation-tracecontext-0.2.0.jar;C:\Users\VAN\.m2\repository\io\zipkin\reporter2\zipkin-reporter-brave\3.5.1\zipkin-reporter-brave-3.5.1.jar;C:\Users\VAN\.m2\repository\io\zipkin\reporter2\zipkin-reporter\3.5.1\zipkin-reporter-3.5.1.jar;C:\Users\VAN\.m2\repository\io\micrometer\micrometer-registry-prometheus\1.15.10\micrometer-registry-prometheus-1.15.10.jar;C:\Users\VAN\.m2\repository\io\micrometer\micrometer-core\1.15.10\micrometer-core-1.15.10.jar;C:\Users\VAN\.m2\repository\org\hdrhistogram\HdrHistogram\2.2.2\HdrHistogram-2.2.2.jar;C:\Users\VAN\.m2\repository\org\latencyutils\LatencyUtils\2.0.3\LatencyUtils-2.0.3.jar;C:\Users\VAN\.m2\repository\io\prometheus\prometheus-metrics-core\1.3.10\prometheus-metrics-core-1.3.10.jar;C:\Users\VAN\.m2\repository\io\prometheus\prometheus-metrics-model\1.3.10\prometheus-metrics-model-1.3.10.jar;C:\Users\VAN\.m2\repository\io\prometheus\prometheus-metrics-config\1.3.10\prometheus-metrics-config-1.3.10.jar;C:\Users\VAN\.m2\repository\io\prometheus\prometheus-metrics-tracer-common\1.3.10\prometheus-metrics-tracer-common-1.3.10.jar;C:\Users\VAN\.m2\repository\io\prometheus\prometheus-metrics-exposition-formats\1.3.10\prometheus-metrics-exposition-formats-1.3.10.jar;C:\Users\VAN\.m2\repository\io\prometheus\prometheus-metrics-exposition-textformats\1.3.10\prometheus-metrics-exposition-textformats-1.3.10.jar;C:\Users\VAN\.m2\repository\org\projectlombok\lombok\1.18.44\lombok-1.18.44.jar;C:\Users\VAN\.m2\repository\org\springframework\boot\spring-boot-starter-test\3.5.12\spring-boot-starter-test-3.5.12.jar;C:\Users\VAN\.m2\repository\org\springframework\boot\spring-boot-test\3.5.12\spring-boot-test-3.5.12.jar;C:\Users\VAN\.m2\repository\org\springframework\boot\spring-boot-test-autoconfigure\3.5.12\spring-boot-test-autoconfigure-3.5.12.jar;C:\Users\VAN\.m2\repository\com\jayway\jsonpath\json-path\2.9.0\json-path-2.9.0.jar;C:\Users\VAN\.m2\repository\jakarta\xml\bind\jakarta.xml.bind-api\4.0.4\jakarta.xml.bind-api-4.0.4.jar;C:\Users\VAN\.m2\repository\jakarta\activation\jakarta.activation-api\2.1.4\jakarta.activation-api-2.1.4.jar;C:\Users\VAN\.m2\repository\net\minidev\json-smart\2.5.2\json-smart-2.5.2.jar;C:\Users\VAN\.m2\repository\net\minidev\accessors-smart\2.5.2\accessors-smart-2.5.2.jar;C:\Users\VAN\.m2\repository\org\ow2\asm\asm\9.7.1\asm-9.7.1.jar;C:\Users\VAN\.m2\repository\org\assertj\assertj-core\3.27.7\assertj-core-3.27.7.jar;C:\Users\VAN\.m2\repository\net\bytebuddy\byte-buddy\1.17.8\byte-buddy-1.17.8.jar;C:\Users\VAN\.m2\repository\org\awaitility\awaitility\4.2.2\awaitility-4.2.2.jar;C:\Users\VAN\.m2\repository\org\hamcrest\hamcrest\3.0\hamcrest-3.0.jar;C:\Users\VAN\.m2\repository\org\junit\jupiter\junit-jupiter\5.12.2\junit-jupiter-5.12.2.jar;C:\Users\VAN\.m2\repository\org\junit\jupiter\junit-jupiter-params\5.12.2\junit-jupiter-params-5.12.2.jar;C:\Users\VAN\.m2\repository\org\junit\jupiter\junit-jupiter-engine\5.12.2\junit-jupiter-engine-5.12.2.jar;C:\Users\VAN\.m2\repository\org\mockito\mockito-core\5.17.0\mockito-core-5.17.0.jar;C:\Users\VAN\.m2\repository\net\bytebuddy\byte-buddy-agent\1.17.8\byte-buddy-agent-1.17.8.jar;C:\Users\VAN\.m2\repository\org\objenesis\objenesis\3.3\objenesis-3.3.jar;C:\Users\VAN\.m2\repository\org\mockito\mockito-junit-jupiter\5.17.0\mockito-junit-jupiter-5.17.0.jar;C:\Users\VAN\.m2\repository\org\skyscreamer\jsonassert\1.5.3\jsonassert-1.5.3.jar;C:\Users\VAN\.m2\repository\com\vaadin\external\google\android-json\0.0.20131108.vaadin1\android-json-0.0.20131108.vaadin1.jar;C:\Users\VAN\.m2\repository\org\springframework\spring-core\6.2.17\spring-core-6.2.17.jar;C:\Users\VAN\.m2\repository\org\springframework\spring-jcl\6.2.17\spring-jcl-6.2.17.jar;C:\Users\VAN\.m2\repository\org\springframework\spring-test\6.2.17\spring-test-6.2.17.jar;C:\Users\VAN\.m2\repository\org\xmlunit\xmlunit-core\2.10.4\xmlunit-core-2.10.4.jar;C:\Users\VAN\.m2\repository\org\springframework\kafka\spring-kafka-test\3.3.14\spring-kafka-test-3.3.14.jar;C:\Users\VAN\.m2\repository\org\apache\zookeeper\zookeeper\3.8.6\zookeeper-3.8.6.jar;C:\Users\VAN\.m2\repository\org\apache\zookeeper\zookeeper-jute\3.8.6\zookeeper-jute-3.8.6.jar;C:\Users\VAN\.m2\repository\org\apache\yetus\audience-annotations\0.12.0\audience-annotations-0.12.0.jar;C:\Users\VAN\.m2\repository\io\netty\netty-handler\4.1.131.Final\netty-handler-4.1.131.Final.jar;C:\Users\VAN\.m2\repository\io\netty\netty-common\4.1.131.Final\netty-common-4.1.131.Final.jar;C:\Users\VAN\.m2\repository\io\netty\netty-resolver\4.1.131.Final\netty-resolver-4.1.131.Final.jar;C:\Users\VAN\.m2\repository\io\netty\netty-buffer\4.1.131.Final\netty-buffer-4.1.131.Final.jar;C:\Users\VAN\.m2\repository\io\netty\netty-transport\4.1.131.Final\netty-transport-4.1.131.Final.jar;C:\Users\VAN\.m2\repository\io\netty\netty-transport-native-unix-common\4.1.131.Final\netty-transport-native-unix-common-4.1.131.Final.jar;C:\Users\VAN\.m2\repository\io\netty\netty-codec\4.1.131.Final\netty-codec-4.1.131.Final.jar;C:\Users\VAN\.m2\repository\io\netty\netty-transport-native-epoll\4.1.131.Final\netty-transport-native-epoll-4.1.131.Final.jar;C:\Users\VAN\.m2\repository\io\netty\netty-transport-classes-epoll\4.1.131.Final\netty-transport-classes-epoll-4.1.131.Final.jar;C:\Users\VAN\.m2\repository\ch\qos\logback\logback-core\1.5.32\logback-core-1.5.32.jar;C:\Users\VAN\.m2\repository\ch\qos\logback\logback-classic\1.5.32\logback-classic-1.5.32.jar;C:\Users\VAN\.m2\repository\commons-io\commons-io\2.17.0\commons-io-2.17.0.jar;C:\Users\VAN\.m2\repository\org\apache\kafka\kafka-clients\3.9.2\kafka-clients-3.9.2-test.jar;C:\Users\VAN\.m2\repository\org\apache\kafka\kafka-server\3.9.2\kafka-server-3.9.2.jar;C:\Users\VAN\.m2\repository\org\apache\kafka\kafka-storage\3.9.2\kafka-storage-3.9.2.jar;C:\Users\VAN\.m2\repository\com\github\ben-manes\caffeine\caffeine\3.2.3\caffeine-3.2.3.jar;C:\Users\VAN\.m2\repository\org\jspecify\jspecify\1.0.0\jspecify-1.0.0.jar;C:\Users\VAN\.m2\repository\com\google\errorprone\error_prone_annotations\2.43.0\error_prone_annotations-2.43.0.jar;C:\Users\VAN\.m2\repository\org\apache\kafka\kafka-group-coordinator\3.9.2\kafka-group-coordinator-3.9.2.jar;C:\Users\VAN\.m2\repository\org\apache\kafka\kafka-transaction-coordinator\3.9.2\kafka-transaction-coordinator-3.9.2.jar;C:\Users\VAN\.m2\repository\org\apache\kafka\kafka-raft\3.9.2\kafka-raft-3.9.2.jar;C:\Users\VAN\.m2\repository\com\yammer\metrics\metrics-core\2.2.0\metrics-core-2.2.0.jar;C:\Users\VAN\.m2\repository\org\apache\kafka\kafka-metadata\3.9.2\kafka-metadata-3.9.2.jar;C:\Users\VAN\.m2\repository\org\apache\kafka\kafka-server-common\3.9.2\kafka-server-common-3.9.2.jar;C:\Users\VAN\.m2\repository\net\sf\jopt-simple\jopt-simple\5.0.4\jopt-simple-5.0.4.jar;C:\Users\VAN\.m2\repository\org\pcollections\pcollections\4.0.1\pcollections-4.0.1.jar;C:\Users\VAN\.m2\repository\org\apache\kafka\kafka-server-common\3.9.2\kafka-server-common-3.9.2-test.jar;C:\Users\VAN\.m2\repository\org\apache\kafka\kafka-streams-test-utils\3.9.2\kafka-streams-test-utils-3.9.2.jar;C:\Users\VAN\.m2\repository\org\apache\kafka\kafka-streams\3.9.2\kafka-streams-3.9.2.jar;C:\Users\VAN\.m2\repository\org\rocksdb\rocksdbjni\7.9.2\rocksdbjni-7.9.2.jar;C:\Users\VAN\.m2\repository\org\apache\kafka\kafka_2.13\3.9.2\kafka_2.13-3.9.2.jar;C:\Users\VAN\.m2\repository\org\scala-lang\scala-library\2.13.15\scala-library-2.13.15.jar;C:\Users\VAN\.m2\repository\org\apache\kafka\kafka-group-coordinator-api\3.9.2\kafka-group-coordinator-api-3.9.2.jar;C:\Users\VAN\.m2\repository\org\apache\kafka\kafka-storage-api\3.9.2\kafka-storage-api-3.9.2.jar;C:\Users\VAN\.m2\repository\org\apache\kafka\kafka-tools-api\3.9.2\kafka-tools-api-3.9.2.jar;C:\Users\VAN\.m2\repository\net\sourceforge\argparse4j\argparse4j\0.7.0\argparse4j-0.7.0.jar;C:\Users\VAN\.m2\repository\commons-validator\commons-validator\1.10.1\commons-validator-1.10.1.jar;C:\Users\VAN\.m2\repository\commons-beanutils\commons-beanutils\1.11.0\commons-beanutils-1.11.0.jar;C:\Users\VAN\.m2\repository\commons-digester\commons-digester\2.1\commons-digester-2.1.jar;C:\Users\VAN\.m2\repository\commons-collections\commons-collections\3.2.2\commons-collections-3.2.2.jar;C:\Users\VAN\.m2\repository\com\fasterxml\jackson\module\jackson-module-scala_2.13\2.19.4\jackson-module-scala_2.13-2.19.4.jar;C:\Users\VAN\.m2\repository\com\thoughtworks\paranamer\paranamer\2.8.3\paranamer-2.8.3.jar;C:\Users\VAN\.m2\repository\com\fasterxml\jackson\dataformat\jackson-dataformat-csv\2.19.4\jackson-dataformat-csv-2.19.4.jar;C:\Users\VAN\.m2\repository\org\bitbucket\b_c\jose4j\0.9.6\jose4j-0.9.6.jar;C:\Users\VAN\.m2\repository\org\scala-lang\modules\scala-collection-compat_2.13\2.10.0\scala-collection-compat_2.13-2.10.0.jar;C:\Users\VAN\.m2\repository\org\scala-lang\modules\scala-java8-compat_2.13\1.0.2\scala-java8-compat_2.13-1.0.2.jar;C:\Users\VAN\.m2\repository\org\scala-lang\scala-reflect\2.13.15\scala-reflect-2.13.15.jar;C:\Users\VAN\.m2\repository\com\typesafe\scala-logging\scala-logging_2.13\3.9.5\scala-logging_2.13-3.9.5.jar;C:\Users\VAN\.m2\repository\io\dropwizard\metrics\metrics-core\4.1.12.1\metrics-core-4.1.12.1.jar;C:\Users\VAN\.m2\repository\commons-cli\commons-cli\1.4\commons-cli-1.4.jar;C:\Users\VAN\.m2\repository\org\apache\kafka\kafka_2.13\3.9.2\kafka_2.13-3.9.2-test.jar;C:\Users\VAN\.m2\repository\org\junit\jupiter\junit-jupiter-api\5.12.2\junit-jupiter-api-5.12.2.jar;C:\Users\VAN\.m2\repository\org\opentest4j\opentest4j\1.3.0\opentest4j-1.3.0.jar;C:\Users\VAN\.m2\repository\org\junit\platform\junit-platform-commons\1.12.2\junit-platform-commons-1.12.2.jar;C:\Users\VAN\.m2\repository\org\apiguardian\apiguardian-api\1.1.2\apiguardian-api-1.1.2.jar;C:\Users\VAN\.m2\repository\org\junit\platform\junit-platform-launcher\1.12.2\junit-platform-launcher-1.12.2.jar;C:\Users\VAN\.m2\repository\org\junit\platform\junit-platform-engine\1.12.2\junit-platform-engine-1.12.2.jar;
2026-03-22T18:32:59.711+07:00  INFO 28612 --- [notification-service] [           main] [                                                 ] org.apache.zookeeper.ZooKeeper           : Client environment:java.library.path=C:\Program Files\Java\jdk-17\bin;C:\WINDOWS\Sun\Java\bin;C:\WINDOWS\system32;C:\WINDOWS;c:\Users\VAN\AppData\Roaming\Code\User\globalStorage\github.copilot-chat\debugCommand;c:\Users\VAN\AppData\Roaming\Code\User\globalStorage\github.copilot-chat\copilotCli;C:\Users\VAN\AppData\Local\Programs\Microsoft VS Code;C:\Program Files\Eclipse Adoptium\jdk-21.0.10.7-hotspot\bin;C:\Program Files\Java\jdk-17\bin;C:\Program Files\Microsoft MPI\Bin\;C:\Program Files (x86)\VMware\VMware Workstation\bin\;C:\windows\system32;C:\windows;C:\windows\System32\Wbem;C:\windows\System32\WindowsPowerShell\v1.0\;C:\windows\System32\OpenSSH\;C:\Program Files (x86)\NVIDIA Corporation\PhysX\Common;C:\Program Files\NVIDIA Corporation\NVIDIA NvDLISR;C:\Program Files\Microsoft SQL Server\150\Tools\Binn\;C:\WINDOWS\system32;C:\WINDOWS;C:\WINDOWS\System32\Wbem;C:\WINDOWS\System32\WindowsPowerShell\v1.0\;C:\WINDOWS\System32\OpenSSH\;C:\Program Files\Git\cmd;C:\Program Files (x86)\Microsoft SQL Server\160\Tools\Binn\;C:\Program Files\Microsoft SQL Server\160\Tools\Binn\;C:\Program Files\Microsoft SQL Server\Client SDK\ODBC\170\Tools\Binn\;C:\Program Files\Microsoft SQL Server\160\DTS\Binn\;C:\Program Files (x86)\Microsoft SQL Server\160\DTS\Binn\;C:\Program Files\Azure Data Studio\bin;C:\Program Files\HP\HP One Agent;C:\Program Files\dotnet\;C:\Program Files\Java\jdk-17\bin;C:\Program Files\Docker\Docker\resources\bin;C:\xampp\php\extras\openssl;C:\WINDOWS\system32;C:\WINDOWS;C:\WINDOWS\System32\Wbem;C:\WINDOWS\System32\WindowsPowerShell\v1.0\;C:\WINDOWS\System32\OpenSSH\;C:\Users\VAN\anaconda3\Scripts\pyspark;C:\Users\VAN\anaconda3\Scripts\pyspark.cmd;C:\Users\VAN\anaconda3\python.exe;C:\Users\VAN\spark\bin\;C:\Program Files\Java\jdk-17\bin;C:\Program Files\nodejs\;C:\ProgramData\chocolatey\bin;C:\xampp\php;D:\Composer;C:\Users\VAN\AppData\Local\Android\Sdk\platform-tools;D:\Down_Van\Scripts\;D:\Down_Van\;C:\Users\VAN\anaconda3\Lib\site-packages\pyspark\bin;C:\Users\VAN\anaconda3\Lib\site-packages\pyspark\python;C:\Users\VAN\anaconda3\bin;C:\Users\VAN\anaconda3\condabin;C:\Users\VAN\anaconda3\bin;C:\WINDOWS;C:\WINDOWS\system32;C:\WINDOWS\system32\Wbem;C:\Users\VAN\AppData\Local\Programs\Microsoft VS Code\bin;C:\Users\VAN\AppData\Roaming\npm;C:\Users\VAN\AppData\Roaming\Composer\vendor\bin;C:\Users\VAN\.dotnet\tools;D:\Down_Van\flutter\bin;c:\Users\VAN\.vscode\extensions\vscjava.vscode-java-debug-0.58.5\bundled\scripts\noConfigScripts;.
2026-03-22T18:32:59.711+07:00  INFO 28612 --- [notification-service] [           main] [                                                 ] org.apache.zookeeper.ZooKeeper           : Client environment:java.io.tmpdir=D:\pip_temp\
2026-03-22T18:32:59.711+07:00  INFO 28612 --- [notification-service] [           main] [                                                 ] org.apache.zookeeper.ZooKeeper           : Client environment:java.compiler=<NA>
2026-03-22T18:32:59.711+07:00  INFO 28612 --- [notification-service] [           main] [                                                 ] org.apache.zookeeper.ZooKeeper           : Client environment:os.name=Windows 11
2026-03-22T18:32:59.711+07:00  INFO 28612 --- [notification-service] [           main] [                                                 ] org.apache.zookeeper.ZooKeeper           : Client environment:os.arch=amd64
2026-03-22T18:32:59.711+07:00  INFO 28612 --- [notification-service] [           main] [                                                 ] org.apache.zookeeper.ZooKeeper           : Client environment:os.version=10.0
2026-03-22T18:32:59.711+07:00  INFO 28612 --- [notification-service] [           main] [                                                 ] org.apache.zookeeper.ZooKeeper           : Client environment:user.name=VAN
2026-03-22T18:32:59.711+07:00  INFO 28612 --- [notification-service] [           main] [                                                 ] org.apache.zookeeper.ZooKeeper           : Client environment:user.home=C:\Users\VAN
2026-03-22T18:32:59.712+07:00  INFO 28612 --- [notification-service] [           main] [                                                 ] org.apache.zookeeper.ZooKeeper           : Client environment:user.dir=D:\microservice\notification-service
2026-03-22T18:32:59.712+07:00  INFO 28612 --- [notification-service] [           main] [                                                 ] org.apache.zookeeper.ZooKeeper           : Client environment:os.memory.free=52MB
2026-03-22T18:32:59.712+07:00  INFO 28612 --- [notification-service] [           main] [                                                 ] org.apache.zookeeper.ZooKeeper           : Client environment:os.memory.max=1958MB
2026-03-22T18:32:59.712+07:00  INFO 28612 --- [notification-service] [           main] [                                                 ] org.apache.zookeeper.ZooKeeper           : Client environment:os.memory.total=77MB
[...]
	socket.connection.setup.timeout.max.ms = 30000
	socket.connection.setup.timeout.ms = 10000
	ssl.cipher.suites = null
	ssl.enabled.protocols = [TLSv1.2, TLSv1.3]
	ssl.endpoint.identification.algorithm = https
	ssl.engine.factory.class = null
	ssl.key.password = null
	ssl.keymanager.algorithm = SunX509
	ssl.keystore.certificate.chain = null
	ssl.keystore.key = null
	ssl.keystore.location = null
	ssl.keystore.password = null
	ssl.keystore.type = JKS
	ssl.protocol = TLSv1.3
	ssl.provider = null
	ssl.secure.random.implementation = null
	ssl.trustmanager.algorithm = PKIX
	ssl.truststore.certificates = null
	ssl.truststore.location = null
	ssl.truststore.password = null
	ssl.truststore.type = JKS
	transaction.timeout.ms = 60000
	transactional.id = null
	value.serializer = class org.springframework.kafka.support.serializer.JsonSerializer

2026-03-22T18:33:14.348+07:00  INFO 28612 --- [notification-service] [           main] [                                                 ] o.a.k.c.t.i.KafkaMetricsCollector        : initializing Kafka metrics collector
2026-03-22T18:33:14.349+07:00  INFO 28612 --- [notification-service] [quest-handler-4] [                                                 ] kafka.log.UnifiedLog$                    : [LogLoader partition=__consumer_offsets-4, dir=D:\pip_temp\spring.kafka.32da5b35-7653-4d36-995f-47b1a5e8e6d914799321958323961810] Loading producer state till offset 0 with message format version 2
2026-03-22T18:33:14.351+07:00  INFO 28612 --- [notification-service] [quest-handler-4] [                                                 ] kafka.log.LogManager                     : Created log for partition __consumer_offsets-4 in D:\pip_temp\spring.kafka.32da5b35-7653-4d36-995f-47b1a5e8e6d914799321958323961810\__consumer_offsets-4 with properties {cleanup.policy=compact, compression.type="producer", segment.bytes=104857600}
2026-03-22T18:33:14.351+07:00  INFO 28612 --- [notification-service] [quest-handler-4] [                                                 ] kafka.cluster.Partition                  : [Partition __consumer_offsets-4 broker=0] No checkpointed highwatermark is found for partition __consumer_offsets-4
2026-03-22T18:33:14.351+07:00  INFO 28612 --- [notification-service] [quest-handler-4] [                                                 ] kafka.cluster.Partition                  : [Partition __consumer_offsets-4 broker=0] Log loaded for partition __consumer_offsets-4 with initial high watermark 0
2026-03-22T18:33:14.351+07:00  INFO 28612 --- [notification-service] [quest-handler-4] [                                                 ] state.change.logger                      : [Broker id=0] Leader __consumer_offsets-4 with topic id Some(U8WiOVhKSei82Vcy8JOlGQ) starts at leader epoch 0 from offset 0 with partition epoch 0, high watermark 0, ISR [0], adding replicas [] and removing replicas [] . Previous leader None and previous leader epoch was -1.
2026-03-22T18:33:14.394+07:00  INFO 28612 --- [notification-service] [           main] [                                                 ] o.a.k.clients.producer.KafkaProducer     : [Producer clientId=producer-1] Instantiated an idempotent producer.
2026-03-22T18:33:14.412+07:00  INFO 28612 --- [notification-service] [quest-handler-4] [                                                 ] kafka.log.UnifiedLog$                    : [LogLoader partition=__consumer_offsets-1, dir=D:\pip_temp\spring.kafka.32da5b35-7653-4d36-995f-47b1a5e8e6d914799321958323961810] Loading producer state till offset 0 with message format version 2
2026-03-22T18:33:14.414+07:00  INFO 28612 --- [notification-service] [quest-handler-4] [                                                 ] kafka.log.LogManager                     : Created log for partition __consumer_offsets-1 in D:\pip_temp\spring.kafka.32da5b35-7653-4d36-995f-47b1a5e8e6d914799321958323961810\__consumer_offsets-1 with properties {cleanup.policy=compact, compression.type="producer", segment.bytes=104857600}
2026-03-22T18:33:14.415+07:00  INFO 28612 --- [notification-service] [quest-handler-4] [                                                 ] kafka.cluster.Partition                  : [Partition __consumer_offsets-1 broker=0] No checkpointed highwatermark is found for partition __consumer_offsets-1
2026-03-22T18:33:14.415+07:00  INFO 28612 --- [notification-service] [quest-handler-4] [                                                 ] kafka.cluster.Partition                  : [Partition __consumer_offsets-1 broker=0] Log loaded for partition __consumer_offsets-1 with initial high watermark 0
2026-03-22T18:33:14.415+07:00  INFO 28612 --- [notification-service] [quest-handler-4] [                                                 ] state.change.logger                      : [Broker id=0] Leader __consumer_offsets-1 with topic id Some(U8WiOVhKSei82Vcy8JOlGQ) starts at leader epoch 0 from offset 0 with partition epoch 0, high watermark 0, ISR [0], adding replicas [] and removing replicas [] . Previous leader None and previous leader epoch was -1.
2026-03-22T18:33:14.436+07:00  INFO 28612 --- [notification-service] [quest-handler-4] [                                                 ] kafka.log.UnifiedLog$                    : [LogLoader partition=__consumer_offsets-0, dir=D:\pip_temp\spring.kafka.32da5b35-7653-4d36-995f-47b1a5e8e6d914799321958323961810] Loading producer state till offset 0 with message format version 2
2026-03-22T18:33:14.437+07:00  INFO 28612 --- [notification-service] [           main] [                                                 ] o.a.kafka.common.utils.AppInfoParser     : Kafka version: 3.9.2
2026-03-22T18:33:14.437+07:00  INFO 28612 --- [notification-service] [           main] [                                                 ] o.a.kafka.common.utils.AppInfoParser     : Kafka commitId: 5e9866f43ab8e7e4
2026-03-22T18:33:14.437+07:00  INFO 28612 --- [notification-service] [           main] [                                                 ] o.a.kafka.common.utils.AppInfoParser     : Kafka startTimeMs: 1774179194437
2026-03-22T18:33:14.438+07:00  INFO 28612 --- [notification-service] [quest-handler-4] [                                                 ] kafka.log.LogManager                     : Created log for partition __consumer_offsets-0 in D:\pip_temp\spring.kafka.32da5b35-7653-4d36-995f-47b1a5e8e6d914799321958323961810\__consumer_offsets-0 with properties {cleanup.policy=compact, compression.type="producer", segment.bytes=104857600}
2026-03-22T18:33:14.439+07:00  INFO 28612 --- [notification-service] [quest-handler-4] [                                                 ] kafka.cluster.Partition                  : [Partition __consumer_offsets-0 broker=0] No checkpointed highwatermark is found for partition __consumer_offsets-0
2026-03-22T18:33:14.439+07:00  INFO 28612 --- [notification-service] [quest-handler-4] [                                                 ] kafka.cluster.Partition                  : [Partition __consumer_offsets-0 broker=0] Log loaded for partition __consumer_offsets-0 with initial high watermark 0
2026-03-22T18:33:14.439+07:00  INFO 28612 --- [notification-service] [quest-handler-4] [                                                 ] state.change.logger                      : [Broker id=0] Leader __consumer_offsets-0 with topic id Some(U8WiOVhKSei82Vcy8JOlGQ) starts at leader epoch 0 from offset 0 with partition epoch 0, high watermark 0, ISR [0], adding replicas [] and removing replicas [] . Previous leader None and previous leader epoch was -1.
2026-03-22T18:33:14.451+07:00  INFO 28612 --- [notification-service] [quest-handler-4] [                                                 ] k.coordinator.group.GroupCoordinator     : [GroupCoordinator 0]: Elected as the group coordinator for partition 3 in epoch 0
2026-03-22T18:33:14.453+07:00  INFO 28612 --- [notification-service] [quest-handler-4] [                                                 ] k.c.group.GroupMetadataManager           : [GroupMetadataManager brokerId=0] Scheduling loading of offsets and group metadata from __consumer_offsets-3 for epoch 0
2026-03-22T18:33:14.457+07:00  INFO 28612 --- [notification-service] [quest-handler-4] [                                                 ] k.coordinator.group.GroupCoordinator     : [GroupCoordinator 0]: Elected as the group coordinator for partition 2 in epoch 0
2026-03-22T18:33:14.457+07:00  INFO 28612 --- [notification-service] [quest-handler-4] [                                                 ] k.c.group.GroupMetadataManager           : [GroupMetadataManager brokerId=0] Scheduling loading of offsets and group metadata from __consumer_offsets-2 for epoch 0
2026-03-22T18:33:14.457+07:00  INFO 28612 --- [notification-service] [quest-handler-4] [                                                 ] k.coordinator.group.GroupCoordinator     : [GroupCoordinator 0]: Elected as the group coordinator for partition 4 in epoch 0
2026-03-22T18:33:14.457+07:00  INFO 28612 --- [notification-service] [quest-handler-4] [                                                 ] k.c.group.GroupMetadataManager           : [GroupMetadataManager brokerId=0] Scheduling loading of offsets and group metadata from __consumer_offsets-4 for epoch 0
2026-03-22T18:33:14.458+07:00  INFO 28612 --- [notification-service] [quest-handler-4] [                                                 ] k.coordinator.group.GroupCoordinator     : [GroupCoordinator 0]: Elected as the group coordinator for partition 1 in epoch 0
2026-03-22T18:33:14.458+07:00  INFO 28612 --- [notification-service] [quest-handler-4] [                                                 ] k.c.group.GroupMetadataManager           : [GroupMetadataManager brokerId=0] Scheduling loading of offsets and group metadata from __consumer_offsets-1 for epoch 0
2026-03-22T18:33:14.459+07:00  INFO 28612 --- [notification-service] [quest-handler-4] [                                                 ] k.coordinator.group.GroupCoordinator     : [GroupCoordinator 0]: Elected as the group coordinator for partition 0 in epoch 0
2026-03-22T18:33:14.460+07:00  INFO 28612 --- [notification-service] [quest-handler-4] [                                                 ] k.c.group.GroupMetadataManager           : [GroupMetadataManager brokerId=0] Scheduling loading of offsets and group metadata from __consumer_offsets-0 for epoch 0
2026-03-22T18:33:14.460+07:00  INFO 28612 --- [notification-service] [quest-handler-4] [                                                 ] state.change.logger                      : [Broker id=0] Finished LeaderAndIsr request in 231ms correlationId 3 from controller 0 for 5 partitions
2026-03-22T18:33:14.466+07:00  INFO 28612 --- [notification-service] [quest-handler-2] [                                                 ] state.change.logger                      : [Broker id=0] Add 5 partitions and deleted 0 partitions from metadata cache in response to UpdateMetadata request sent by controller 0 epoch 1 with correlation id 4
2026-03-22T18:33:14.468+07:00  INFO 28612 --- [notification-service] [adata-manager-0] [                                                 ] k.c.group.GroupMetadataManager           : [GroupMetadataManager brokerId=0] Finished loading offsets and group metadata from __consumer_offsets-3 in 12 milliseconds for epoch 0, of which 5 milliseconds was spent in the scheduler.
2026-03-22T18:33:14.469+07:00  INFO 28612 --- [notification-service] [adata-manager-0] [                                                 ] k.c.group.GroupMetadataManager           : [GroupMetadataManager brokerId=0] Finished loading offsets and group metadata from __consumer_offsets-2 in 12 milliseconds for epoch 0, of which 11 milliseconds was spent in the scheduler.
2026-03-22T18:33:14.469+07:00  INFO 28612 --- [notification-service] [adata-manager-0] [                                                 ] k.c.group.GroupMetadataManager           : [GroupMetadataManager brokerId=0] Finished loading offsets and group metadata from __consumer_offsets-4 in 11 milliseconds for epoch 0, of which 11 milliseconds was spent in the scheduler.
2026-03-22T18:33:14.470+07:00  INFO 28612 --- [notification-service] [adata-manager-0] [                                                 ] k.c.group.GroupMetadataManager           : [GroupMetadataManager brokerId=0] Finished loading offsets and group metadata from __consumer_offsets-1 in 11 milliseconds for epoch 0, of which 10 milliseconds was spent in the scheduler.
2026-03-22T18:33:14.470+07:00  INFO 28612 --- [notification-service] [adata-manager-0] [                                                 ] k.c.group.GroupMetadataManager           : [GroupMetadataManager brokerId=0] Finished loading offsets and group metadata from __consumer_offsets-0 in 10 milliseconds for epoch 0, of which 10 milliseconds was spent in the scheduler.
2026-03-22T18:33:14.491+07:00  INFO 28612 --- [notification-service] [ad | producer-1] [                                                 ] org.apache.kafka.clients.Metadata        : [Producer clientId=producer-1] Cluster ID: ut7uMc9KQpqFNDUvE66ClA
2026-03-22T18:33:14.513+07:00  INFO 28612 --- [notification-service] [ntainer#0-0-C-1] [                                                 ] o.a.k.c.c.internals.ConsumerCoordinator  : [Consumer clientId=consumer-test-group-1, groupId=test-group] Discovered group coordinator localhost:51172 (id: 2147483647 rack: null)
2026-03-22T18:33:14.516+07:00  INFO 28612 --- [notification-service] [ntainer#0-0-C-1] [                                                 ] o.a.k.c.c.internals.ConsumerCoordinator  : [Consumer clientId=consumer-test-group-1, groupId=test-group] (Re-)joining group
2026-03-22T18:33:14.525+07:00  INFO 28612 --- [notification-service] [er-event-thread] [                                                 ] kafka.controller.KafkaController         : [Controller id=0] Acquired new producerId block ProducerIdsBlock(assignedBrokerId=0, firstProducerId=0, size=1000) by writing to Zk with path version 1
2026-03-22T18:33:14.571+07:00  INFO 28612 --- [notification-service] [quest-handler-7] [                                                 ] k.coordinator.group.GroupCoordinator     : [GroupCoordinator 0]: Dynamic member with unknown member id joins group test-group in Empty state. Created a new member id consumer-test-group-1-7f545c43-8b68-4d0f-bfd1-12f96816ae16 and request the member to rejoin with this id.
2026-03-22T18:33:14.579+07:00  INFO 28612 --- [notification-service] [ntainer#0-0-C-1] [                                                 ] o.a.k.c.c.internals.ConsumerCoordinator  : [Consumer clientId=consumer-test-group-1, groupId=test-group] Request joining group due to: need to re-join with the given member-id: consumer-test-group-1-7f545c43-8b68-4d0f-bfd1-12f96816ae16
2026-03-22T18:33:14.580+07:00  INFO 28612 --- [notification-service] [ntainer#0-0-C-1] [                                                 ] o.a.k.c.c.internals.ConsumerCoordinator  : [Consumer clientId=consumer-test-group-1, groupId=test-group] (Re-)joining group
2026-03-22T18:33:14.599+07:00  INFO 28612 --- [notification-service] [quest-handler-1] [                                                 ] k.coordinator.group.GroupCoordinator     : [GroupCoordinator 0]: Preparing to rebalance group test-group in state PreparingRebalance with old generation 0 (__consumer_offsets-2) (reason: Adding new member consumer-test-group-1-7f545c43-8b68-4d0f-bfd1-12f96816ae16 with group instance id None; client reason: need to re-join with the given member-id: consumer-test-group-1-7f545c43-8b68-4d0f-bfd1-12f96816ae16)
2026-03-22T18:33:14.610+07:00  INFO 28612 --- [notification-service] [ad | producer-1] [                                                 ] o.a.k.c.p.internals.TransactionManager   : [Producer clientId=producer-1] ProducerId set to 0 with epoch 0
2026-03-22T18:33:14.616+07:00  INFO 28612 --- [notification-service] [cutor-Rebalance] [                                                 ] k.coordinator.group.GroupCoordinator     : [GroupCoordinator 0]: Stabilized group test-group generation 1 (__consumer_offsets-2) with 1 members
2026-03-22T18:33:14.620+07:00  INFO 28612 --- [notification-service] [ntainer#0-0-C-1] [                                                 ] o.a.k.c.c.internals.ConsumerCoordinator  : [Consumer clientId=consumer-test-group-1, groupId=test-group] Successfully joined group with generation Generation{generationId=1, memberId='consumer-test-group-1-7f545c43-8b68-4d0f-bfd1-12f96816ae16', protocol='range'}
2026-03-22T18:33:14.638+07:00  INFO 28612 --- [notification-service] [ntainer#0-0-C-1] [                                                 ] o.a.k.c.c.internals.ConsumerCoordinator  : [Consumer clientId=consumer-test-group-1, groupId=test-group] Finished assignment for group at generation 1: {consumer-test-group-1-7f545c43-8b68-4d0f-bfd1-12f96816ae16=Assignment(partitions=[notificationTopic-0])}
2026-03-22T18:33:14.664+07:00  INFO 28612 --- [notification-service] [quest-handler-4] [                                                 ] k.coordinator.group.GroupCoordinator     : [GroupCoordinator 0]: Assignment received from leader consumer-test-group-1-7f545c43-8b68-4d0f-bfd1-12f96816ae16 for group test-group for generation 1. The group has 1 members, 0 of which are static.
2026-03-22T18:33:14.730+07:00  INFO 28612 --- [notification-service] [ntainer#0-0-C-1] [                                                 ] o.a.k.c.c.internals.ConsumerCoordinator  : [Consumer clientId=consumer-test-group-1, groupId=test-group] Successfully synced group in generation Generation{generationId=1, memberId='consumer-test-group-1-7f545c43-8b68-4d0f-bfd1-12f96816ae16', protocol='range'}
2026-03-22T18:33:14.731+07:00  INFO 28612 --- [notification-service] [ntainer#0-0-C-1] [                                                 ] o.a.k.c.c.internals.ConsumerCoordinator  : [Consumer clientId=consumer-test-group-1, groupId=test-group] Notifying assignor about the new Assignment(partitions=[notificationTopic-0])
2026-03-22T18:33:14.736+07:00  INFO 28612 --- [notification-service] [ntainer#0-0-C-1] [                                                 ] k.c.c.i.ConsumerRebalanceListenerInvoker : [Consumer clientId=consumer-test-group-1, groupId=test-group] Adding newly assigned partitions: notificationTopic-0
2026-03-22T18:33:14.768+07:00  INFO 28612 --- [notification-service] [ntainer#0-0-C-1] [                                                 ] o.a.k.c.c.internals.ConsumerCoordinator  : [Consumer clientId=consumer-test-group-1, groupId=test-group] Found no committed offset for partition notificationTopic-0
2026-03-22T18:33:14.819+07:00  INFO 28612 --- [notification-service] [ntainer#0-0-C-1] [                                                 ] o.a.k.c.c.internals.SubscriptionState    : [Consumer clientId=consumer-test-group-1, groupId=test-group] Resetting offset for partition notificationTopic-0 to position FetchPosition{offset=0, offsetEpoch=Optional.empty, currentLeader=LeaderAndEpoch{leader=Optional[localhost:51172 (id: 0 rack: null)], epoch=0}}.
2026-03-22T18:33:14.822+07:00  INFO 28612 --- [notification-service] [ntainer#0-0-C-1] [                                                 ] o.s.k.l.KafkaMessageListenerContainer    : test-group: partitions assigned: [notificationTopic-0]
2026-03-22T18:33:15.040+07:00  INFO 28612 --- [notification-service] [ntainer#0-0-C-1] [                                                 ] c.h.n.service.NotificationService        : Notification received: orderNumber=ORD123, message=Order Placed Successfully
2026-03-22T18:33:15.041+07:00  INFO 28612 --- [notification-service] [ntainer#0-0-C-1] [                                                 ] c.h.n.service.NotificationService        : Simulate email: Order ORD123 -> Order Placed Successfully
]]></system-out>
  </testcase>
</testsuite>